CRITICAL - 2023-09-25 09:16:04 --> Undefined array key "productImage"
in APPPATH\Views\ViewProduct.php on line 4.
 1 APPPATH\Views\ViewProduct.php(4): CodeIgniter\Debug\Exceptions->errorHandler(2, 'Undefined array key "productImage"', 'C:\\laragon\\www\\ShoeShop\\app\\Views\\ViewProduct.php', 4)
 2 SYSTEMPATH\View\View.php(226): include('C:\\laragon\\www\\ShoeShop\\app\\Views\\ViewProduct.php')
 3 SYSTEMPATH\View\View.php(229): CodeIgniter\View\View->CodeIgniter\View\{closure}()
 4 SYSTEMPATH\Common.php(1188): CodeIgniter\View\View->render('ViewProduct', [], true)
 5 APPPATH\Controllers\ProductController.php(17): view('ViewProduct', [...])
 6 SYSTEMPATH\CodeIgniter.php(919): App\Controllers\ProductController->index()
 7 SYSTEMPATH\CodeIgniter.php(494): CodeIgniter\CodeIgniter->runController(Object(App\Controllers\ProductController))
 8 SYSTEMPATH\CodeIgniter.php(353): CodeIgniter\CodeIgniter->handleRequest(null, Object(Config\Cache), false)
 9 FCPATH\index.php(79): CodeIgniter\CodeIgniter->run()
10 SYSTEMPATH\Commands\Server\rewrite.php(47): require_once('C:\\laragon\\www\\ShoeShop\\public\\index.php')
CRITICAL - 2023-09-25 09:16:32 --> Undefined array key "productImage"
in APPPATH\Views\ViewProduct.php on line 4.
 1 APPPATH\Views\ViewProduct.php(4): CodeIgniter\Debug\Exceptions->errorHandler(2, 'Undefined array key "productImage"', 'C:\\laragon\\www\\ShoeShop\\app\\Views\\ViewProduct.php', 4)
 2 SYSTEMPATH\View\View.php(226): include('C:\\laragon\\www\\ShoeShop\\app\\Views\\ViewProduct.php')
 3 SYSTEMPATH\View\View.php(229): CodeIgniter\View\View->CodeIgniter\View\{closure}()
 4 SYSTEMPATH\Common.php(1188): CodeIgniter\View\View->render('ViewProduct', [], true)
 5 APPPATH\Controllers\ProductController.php(17): view('ViewProduct', [...])
 6 SYSTEMPATH\CodeIgniter.php(919): App\Controllers\ProductController->index()
 7 SYSTEMPATH\CodeIgniter.php(494): CodeIgniter\CodeIgniter->runController(Object(App\Controllers\ProductController))
 8 SYSTEMPATH\CodeIgniter.php(353): CodeIgniter\CodeIgniter->handleRequest(null, Object(Config\Cache), false)
 9 FCPATH\index.php(79): CodeIgniter\CodeIgniter->run()
10 SYSTEMPATH\Commands\Server\rewrite.php(47): require_once('C:\\laragon\\www\\ShoeShop\\public\\index.php')
CRITICAL - 2023-09-25 09:16:33 --> Undefined array key "productImage"
in APPPATH\Views\ViewProduct.php on line 4.
 1 APPPATH\Views\ViewProduct.php(4): CodeIgniter\Debug\Exceptions->errorHandler(2, 'Undefined array key "productImage"', 'C:\\laragon\\www\\ShoeShop\\app\\Views\\ViewProduct.php', 4)
 2 SYSTEMPATH\View\View.php(226): include('C:\\laragon\\www\\ShoeShop\\app\\Views\\ViewProduct.php')
 3 SYSTEMPATH\View\View.php(229): CodeIgniter\View\View->CodeIgniter\View\{closure}()
 4 SYSTEMPATH\Common.php(1188): CodeIgniter\View\View->render('ViewProduct', [], true)
 5 APPPATH\Controllers\ProductController.php(17): view('ViewProduct', [...])
 6 SYSTEMPATH\CodeIgniter.php(919): App\Controllers\ProductController->index()
 7 SYSTEMPATH\CodeIgniter.php(494): CodeIgniter\CodeIgniter->runController(Object(App\Controllers\ProductController))
 8 SYSTEMPATH\CodeIgniter.php(353): CodeIgniter\CodeIgniter->handleRequest(null, Object(Config\Cache), false)
 9 FCPATH\index.php(79): CodeIgniter\CodeIgniter->run()
10 SYSTEMPATH\Commands\Server\rewrite.php(47): require_once('C:\\laragon\\www\\ShoeShop\\public\\index.php')
CRITICAL - 2023-09-25 09:16:34 --> Undefined array key "productImage"
in APPPATH\Views\ViewProduct.php on line 4.
 1 APPPATH\Views\ViewProduct.php(4): CodeIgniter\Debug\Exceptions->errorHandler(2, 'Undefined array key "productImage"', 'C:\\laragon\\www\\ShoeShop\\app\\Views\\ViewProduct.php', 4)
 2 SYSTEMPATH\View\View.php(226): include('C:\\laragon\\www\\ShoeShop\\app\\Views\\ViewProduct.php')
 3 SYSTEMPATH\View\View.php(229): CodeIgniter\View\View->CodeIgniter\View\{closure}()
 4 SYSTEMPATH\Common.php(1188): CodeIgniter\View\View->render('ViewProduct', [], true)
 5 APPPATH\Controllers\ProductController.php(17): view('ViewProduct', [...])
 6 SYSTEMPATH\CodeIgniter.php(919): App\Controllers\ProductController->index()
 7 SYSTEMPATH\CodeIgniter.php(494): CodeIgniter\CodeIgniter->runController(Object(App\Controllers\ProductController))
 8 SYSTEMPATH\CodeIgniter.php(353): CodeIgniter\CodeIgniter->handleRequest(null, Object(Config\Cache), false)
 9 FCPATH\index.php(79): CodeIgniter\CodeIgniter->run()
10 SYSTEMPATH\Commands\Server\rewrite.php(47): require_once('C:\\laragon\\www\\ShoeShop\\public\\index.php')
CRITICAL - 2023-09-25 09:16:36 --> Undefined array key "productImage"
in APPPATH\Views\ViewProduct.php on line 4.
 1 APPPATH\Views\ViewProduct.php(4): CodeIgniter\Debug\Exceptions->errorHandler(2, 'Undefined array key "productImage"', 'C:\\laragon\\www\\ShoeShop\\app\\Views\\ViewProduct.php', 4)
 2 SYSTEMPATH\View\View.php(226): include('C:\\laragon\\www\\ShoeShop\\app\\Views\\ViewProduct.php')
 3 SYSTEMPATH\View\View.php(229): CodeIgniter\View\View->CodeIgniter\View\{closure}()
 4 SYSTEMPATH\Common.php(1188): CodeIgniter\View\View->render('ViewProduct', [], true)
 5 APPPATH\Controllers\ProductController.php(17): view('ViewProduct', [...])
 6 SYSTEMPATH\CodeIgniter.php(919): App\Controllers\ProductController->index()
 7 SYSTEMPATH\CodeIgniter.php(494): CodeIgniter\CodeIgniter->runController(Object(App\Controllers\ProductController))
 8 SYSTEMPATH\CodeIgniter.php(353): CodeIgniter\CodeIgniter->handleRequest(null, Object(Config\Cache), false)
 9 FCPATH\index.php(79): CodeIgniter\CodeIgniter->run()
10 SYSTEMPATH\Commands\Server\rewrite.php(47): require_once('C:\\laragon\\www\\ShoeShop\\public\\index.php')
CRITICAL - 2023-09-25 09:19:01 --> Undefined array key "productId "
in APPPATH\Views\ViewProduct.php on line 9.
 1 APPPATH\Views\ViewProduct.php(9): CodeIgniter\Debug\Exceptions->errorHandler(2, 'Undefined array key "productId "', 'C:\\laragon\\www\\ShoeShop\\app\\Views\\ViewProduct.php', 9)
 2 SYSTEMPATH\View\View.php(226): include('C:\\laragon\\www\\ShoeShop\\app\\Views\\ViewProduct.php')
 3 SYSTEMPATH\View\View.php(229): CodeIgniter\View\View->CodeIgniter\View\{closure}()
 4 SYSTEMPATH\Common.php(1188): CodeIgniter\View\View->render('ViewProduct', [], true)
 5 APPPATH\Controllers\ProductController.php(17): view('ViewProduct', [...])
 6 SYSTEMPATH\CodeIgniter.php(919): App\Controllers\ProductController->index()
 7 SYSTEMPATH\CodeIgniter.php(494): CodeIgniter\CodeIgniter->runController(Object(App\Controllers\ProductController))
 8 SYSTEMPATH\CodeIgniter.php(353): CodeIgniter\CodeIgniter->handleRequest(null, Object(Config\Cache), false)
 9 FCPATH\index.php(79): CodeIgniter\CodeIgniter->run()
10 SYSTEMPATH\Commands\Server\rewrite.php(47): require_once('C:\\laragon\\www\\ShoeShop\\public\\index.php')
CRITICAL - 2023-09-25 09:30:39 --> Invalid file: "include/top.php"
in SYSTEMPATH\Exceptions\FrameworkException.php on line 39.
 1 SYSTEMPATH\View\View.php(214): CodeIgniter\Exceptions\FrameworkException::forInvalidFile('include/top.php')
 2 SYSTEMPATH\View\View.php(467): CodeIgniter\View\View->render('include/top', null, true)
 3 APPPATH\Views\index.php(1): CodeIgniter\View\View->include('include/top')
 4 SYSTEMPATH\View\View.php(226): include('C:\\laragon\\www\\ShoeShop\\app\\Views\\index.php')
 5 SYSTEMPATH\View\View.php(229): CodeIgniter\View\View->CodeIgniter\View\{closure}()
 6 SYSTEMPATH\Common.php(1188): CodeIgniter\View\View->render('index', [], true)
 7 APPPATH\Controllers\ProductController.php(17): view('index', [...])
 8 SYSTEMPATH\CodeIgniter.php(919): App\Controllers\ProductController->index()
 9 SYSTEMPATH\CodeIgniter.php(494): CodeIgniter\CodeIgniter->runController(Object(App\Controllers\ProductController))
10 SYSTEMPATH\CodeIgniter.php(353): CodeIgniter\CodeIgniter->handleRequest(null, Object(Config\Cache), false)
11 FCPATH\index.php(79): CodeIgniter\CodeIgniter->run()
12 SYSTEMPATH\Commands\Server\rewrite.php(47): require_once('C:\\laragon\\www\\ShoeShop\\public\\index.php')
CRITICAL - 2023-09-25 11:20:00 --> Undefined array key "productsName"
in APPPATH\Views\include\newArrival.php on line 9.
 1 APPPATH\Views\include\newArrival.php(9): CodeIgniter\Debug\Exceptions->errorHandler(2, 'Undefined array key "productsName"', 'C:\\laragon\\www\\ShoeShop\\app\\Views\\include\\newArrival.php', 9)
 2 SYSTEMPATH\View\View.php(226): include('C:\\laragon\\www\\ShoeShop\\app\\Views\\include\\newArrival.php')
 3 SYSTEMPATH\View\View.php(229): CodeIgniter\View\View->CodeIgniter\View\{closure}()
 4 SYSTEMPATH\View\View.php(467): CodeIgniter\View\View->render('include/newArrival', null, true)
 5 APPPATH\Views\index.php(6): CodeIgniter\View\View->include('include/newArrival')
 6 SYSTEMPATH\View\View.php(226): include('C:\\laragon\\www\\ShoeShop\\app\\Views\\index.php')
 7 SYSTEMPATH\View\View.php(229): CodeIgniter\View\View->CodeIgniter\View\{closure}()
 8 SYSTEMPATH\Common.php(1188): CodeIgniter\View\View->render('index', [], true)
 9 APPPATH\Controllers\ProductController.php(17): view('index', [...])
10 SYSTEMPATH\CodeIgniter.php(919): App\Controllers\ProductController->index()
11 SYSTEMPATH\CodeIgniter.php(494): CodeIgniter\CodeIgniter->runController(Object(App\Controllers\ProductController))
12 SYSTEMPATH\CodeIgniter.php(353): CodeIgniter\CodeIgniter->handleRequest(null, Object(Config\Cache), false)
13 FCPATH\index.php(79): CodeIgniter\CodeIgniter->run()
14 SYSTEMPATH\Commands\Server\rewrite.php(47): require_once('C:\\laragon\\www\\ShoeShop\\public\\index.php')
CRITICAL - 2023-09-25 11:20:40 --> Undefined array key "productsName"
in APPPATH\Views\include\newArrival.php on line 9.
 1 APPPATH\Views\include\newArrival.php(9): CodeIgniter\Debug\Exceptions->errorHandler(2, 'Undefined array key "productsName"', 'C:\\laragon\\www\\ShoeShop\\app\\Views\\include\\newArrival.php', 9)
 2 SYSTEMPATH\View\View.php(226): include('C:\\laragon\\www\\ShoeShop\\app\\Views\\include\\newArrival.php')
 3 SYSTEMPATH\View\View.php(229): CodeIgniter\View\View->CodeIgniter\View\{closure}()
 4 SYSTEMPATH\View\View.php(467): CodeIgniter\View\View->render('include/newArrival', null, true)
 5 APPPATH\Views\index.php(6): CodeIgniter\View\View->include('include/newArrival')
 6 SYSTEMPATH\View\View.php(226): include('C:\\laragon\\www\\ShoeShop\\app\\Views\\index.php')
 7 SYSTEMPATH\View\View.php(229): CodeIgniter\View\View->CodeIgniter\View\{closure}()
 8 SYSTEMPATH\Common.php(1188): CodeIgniter\View\View->render('index', [], true)
 9 APPPATH\Controllers\ProductController.php(17): view('index', [...])
10 SYSTEMPATH\CodeIgniter.php(919): App\Controllers\ProductController->index()
11 SYSTEMPATH\CodeIgniter.php(494): CodeIgniter\CodeIgniter->runController(Object(App\Controllers\ProductController))
12 SYSTEMPATH\CodeIgniter.php(353): CodeIgniter\CodeIgniter->handleRequest(null, Object(Config\Cache), false)
13 FCPATH\index.php(79): CodeIgniter\CodeIgniter->run()
14 SYSTEMPATH\Commands\Server\rewrite.php(47): require_once('C:\\laragon\\www\\ShoeShop\\public\\index.php')
CRITICAL - 2023-09-25 11:20:41 --> Undefined array key "productsName"
in APPPATH\Views\include\newArrival.php on line 9.
 1 APPPATH\Views\include\newArrival.php(9): CodeIgniter\Debug\Exceptions->errorHandler(2, 'Undefined array key "productsName"', 'C:\\laragon\\www\\ShoeShop\\app\\Views\\include\\newArrival.php', 9)
 2 SYSTEMPATH\View\View.php(226): include('C:\\laragon\\www\\ShoeShop\\app\\Views\\include\\newArrival.php')
 3 SYSTEMPATH\View\View.php(229): CodeIgniter\View\View->CodeIgniter\View\{closure}()
 4 SYSTEMPATH\View\View.php(467): CodeIgniter\View\View->render('include/newArrival', null, true)
 5 APPPATH\Views\index.php(6): CodeIgniter\View\View->include('include/newArrival')
 6 SYSTEMPATH\View\View.php(226): include('C:\\laragon\\www\\ShoeShop\\app\\Views\\index.php')
 7 SYSTEMPATH\View\View.php(229): CodeIgniter\View\View->CodeIgniter\View\{closure}()
 8 SYSTEMPATH\Common.php(1188): CodeIgniter\View\View->render('index', [], true)
 9 APPPATH\Controllers\ProductController.php(17): view('index', [...])
10 SYSTEMPATH\CodeIgniter.php(919): App\Controllers\ProductController->index()
11 SYSTEMPATH\CodeIgniter.php(494): CodeIgniter\CodeIgniter->runController(Object(App\Controllers\ProductController))
12 SYSTEMPATH\CodeIgniter.php(353): CodeIgniter\CodeIgniter->handleRequest(null, Object(Config\Cache), false)
13 FCPATH\index.php(79): CodeIgniter\CodeIgniter->run()
14 SYSTEMPATH\Commands\Server\rewrite.php(47): require_once('C:\\laragon\\www\\ShoeShop\\public\\index.php')
