CRITICAL - 2023-09-27 00:13:19 --> Undefined variable $pro
in APPPATH\Views\admindashboard.php on line 333.
 1 APPPATH\Views\admindashboard.php(333): CodeIgniter\Debug\Exceptions->errorHandler(2, 'Undefined variable $pro', 'C:\\laragon\\www\\ShoeShop\\app\\Views\\admindashboard.php', 333)
 2 SYSTEMPATH\View\View.php(226): include('C:\\laragon\\www\\ShoeShop\\app\\Views\\admindashboard.php')
 3 SYSTEMPATH\View\View.php(229): CodeIgniter\View\View->CodeIgniter\View\{closure}()
 4 SYSTEMPATH\Common.php(1188): CodeIgniter\View\View->render('admindashboard', [], true)
 5 APPPATH\Controllers\AdminController.php(20): view('admindashboard', [...])
 6 SYSTEMPATH\CodeIgniter.php(919): App\Controllers\AdminController->index()
 7 SYSTEMPATH\CodeIgniter.php(494): CodeIgniter\CodeIgniter->runController(Object(App\Controllers\AdminController))
 8 SYSTEMPATH\CodeIgniter.php(353): CodeIgniter\CodeIgniter->handleRequest(null, Object(Config\Cache), false)
 9 FCPATH\index.php(79): CodeIgniter\CodeIgniter->run()
10 SYSTEMPATH\Commands\Server\rewrite.php(47): require_once('C:\\laragon\\www\\ShoeShop\\public\\index.php')
CRITICAL - 2023-09-27 00:14:04 --> Undefined variable $pro
in APPPATH\Views\admindashboard.php on line 333.
 1 APPPATH\Views\admindashboard.php(333): CodeIgniter\Debug\Exceptions->errorHandler(2, 'Undefined variable $pro', 'C:\\laragon\\www\\ShoeShop\\app\\Views\\admindashboard.php', 333)
 2 SYSTEMPATH\View\View.php(226): include('C:\\laragon\\www\\ShoeShop\\app\\Views\\admindashboard.php')
 3 SYSTEMPATH\View\View.php(229): CodeIgniter\View\View->CodeIgniter\View\{closure}()
 4 SYSTEMPATH\Common.php(1188): CodeIgniter\View\View->render('admindashboard', [], true)
 5 APPPATH\Controllers\AdminController.php(20): view('admindashboard', [...])
 6 SYSTEMPATH\CodeIgniter.php(919): App\Controllers\AdminController->index()
 7 SYSTEMPATH\CodeIgniter.php(494): CodeIgniter\CodeIgniter->runController(Object(App\Controllers\AdminController))
 8 SYSTEMPATH\CodeIgniter.php(353): CodeIgniter\CodeIgniter->handleRequest(null, Object(Config\Cache), false)
 9 FCPATH\index.php(79): CodeIgniter\CodeIgniter->run()
10 SYSTEMPATH\Commands\Server\rewrite.php(47): require_once('C:\\laragon\\www\\ShoeShop\\public\\index.php')
CRITICAL - 2023-09-27 00:14:10 --> Undefined variable $pro
in APPPATH\Views\admindashboard.php on line 333.
 1 APPPATH\Views\admindashboard.php(333): CodeIgniter\Debug\Exceptions->errorHandler(2, 'Undefined variable $pro', 'C:\\laragon\\www\\ShoeShop\\app\\Views\\admindashboard.php', 333)
 2 SYSTEMPATH\View\View.php(226): include('C:\\laragon\\www\\ShoeShop\\app\\Views\\admindashboard.php')
 3 SYSTEMPATH\View\View.php(229): CodeIgniter\View\View->CodeIgniter\View\{closure}()
 4 SYSTEMPATH\Common.php(1188): CodeIgniter\View\View->render('admindashboard', [], true)
 5 APPPATH\Controllers\AdminController.php(20): view('admindashboard', [...])
 6 SYSTEMPATH\CodeIgniter.php(919): App\Controllers\AdminController->index()
 7 SYSTEMPATH\CodeIgniter.php(494): CodeIgniter\CodeIgniter->runController(Object(App\Controllers\AdminController))
 8 SYSTEMPATH\CodeIgniter.php(353): CodeIgniter\CodeIgniter->handleRequest(null, Object(Config\Cache), false)
 9 FCPATH\index.php(79): CodeIgniter\CodeIgniter->run()
10 SYSTEMPATH\Commands\Server\rewrite.php(47): require_once('C:\\laragon\\www\\ShoeShop\\public\\index.php')
CRITICAL - 2023-09-27 00:17:54 --> syntax error, unexpected token ","
in APPPATH\Controllers\AdminController.php on line 20.
 1 SYSTEMPATH\Autoloader\Autoloader.php(285): CodeIgniter\Autoloader\Autoloader->includeFile('C:\\laragon\\www\\ShoeShop\\app\\Controllers\\AdminController.php')
 2 SYSTEMPATH\Autoloader\Autoloader.php(263): CodeIgniter\Autoloader\Autoloader->loadInNamespace('App\\Controllers\\AdminController')
 3 [internal function]: CodeIgniter\Autoloader\Autoloader->loadClass('App\\Controllers\\AdminController')
 4 SYSTEMPATH\CodeIgniter.php(877): class_exists('\\App\\Controllers\\AdminController', true)
 5 SYSTEMPATH\CodeIgniter.php(481): CodeIgniter\CodeIgniter->startController()
 6 SYSTEMPATH\CodeIgniter.php(353): CodeIgniter\CodeIgniter->handleRequest(null, Object(Config\Cache), false)
 7 FCPATH\index.php(79): CodeIgniter\CodeIgniter->run()
 8 SYSTEMPATH\Commands\Server\rewrite.php(47): require_once('C:\\laragon\\www\\ShoeShop\\public\\index.php')
CRITICAL - 2023-09-27 00:18:10 --> Undefined variable $id
in APPPATH\Controllers\AdminController.php on line 20.
 1 APPPATH\Controllers\AdminController.php(20): CodeIgniter\Debug\Exceptions->errorHandler(2, 'Undefined variable $id', 'C:\\laragon\\www\\ShoeShop\\app\\Controllers\\AdminController.php', 20)
 2 SYSTEMPATH\CodeIgniter.php(919): App\Controllers\AdminController->index()
 3 SYSTEMPATH\CodeIgniter.php(494): CodeIgniter\CodeIgniter->runController(Object(App\Controllers\AdminController))
 4 SYSTEMPATH\CodeIgniter.php(353): CodeIgniter\CodeIgniter->handleRequest(null, Object(Config\Cache), false)
 5 FCPATH\index.php(79): CodeIgniter\CodeIgniter->run()
 6 SYSTEMPATH\Commands\Server\rewrite.php(47): require_once('C:\\laragon\\www\\ShoeShop\\public\\index.php')
CRITICAL - 2023-09-27 00:18:36 --> Too few arguments to function App\Controllers\AdminController::index(), 0 passed in C:\laragon\www\ShoeShop\system\CodeIgniter.php on line 919 and exactly 1 expected
in APPPATH\Controllers\AdminController.php on line 16.
 1 SYSTEMPATH\CodeIgniter.php(919): App\Controllers\AdminController->index()
 2 SYSTEMPATH\CodeIgniter.php(494): CodeIgniter\CodeIgniter->runController(Object(App\Controllers\AdminController))
 3 SYSTEMPATH\CodeIgniter.php(353): CodeIgniter\CodeIgniter->handleRequest(null, Object(Config\Cache), false)
 4 FCPATH\index.php(79): CodeIgniter\CodeIgniter->run()
 5 SYSTEMPATH\Commands\Server\rewrite.php(47): require_once('C:\\laragon\\www\\ShoeShop\\public\\index.php')
CRITICAL - 2023-09-27 00:19:10 --> Trying to access array offset on value of type null
in APPPATH\Views\admindashboard.php on line 333.
 1 APPPATH\Views\admindashboard.php(333): CodeIgniter\Debug\Exceptions->errorHandler(2, 'Trying to access array offset on value of type null', 'C:\\laragon\\www\\ShoeShop\\app\\Views\\admindashboard.php', 333)
 2 SYSTEMPATH\View\View.php(226): include('C:\\laragon\\www\\ShoeShop\\app\\Views\\admindashboard.php')
 3 SYSTEMPATH\View\View.php(229): CodeIgniter\View\View->CodeIgniter\View\{closure}()
 4 SYSTEMPATH\Common.php(1188): CodeIgniter\View\View->render('admindashboard', [], true)
 5 APPPATH\Controllers\AdminController.php(21): view('admindashboard', [...])
 6 SYSTEMPATH\CodeIgniter.php(919): App\Controllers\AdminController->index('', '')
 7 SYSTEMPATH\CodeIgniter.php(494): CodeIgniter\CodeIgniter->runController(Object(App\Controllers\AdminController))
 8 SYSTEMPATH\CodeIgniter.php(353): CodeIgniter\CodeIgniter->handleRequest(null, Object(Config\Cache), false)
 9 FCPATH\index.php(79): CodeIgniter\CodeIgniter->run()
10 SYSTEMPATH\Commands\Server\rewrite.php(47): require_once('C:\\laragon\\www\\ShoeShop\\public\\index.php')
CRITICAL - 2023-09-27 00:23:02 --> syntax error, unexpected end of file
in APPPATH\Views\admindashboard.php on line 364.
 1 SYSTEMPATH\View\View.php(229): CodeIgniter\View\View->CodeIgniter\View\{closure}()
 2 SYSTEMPATH\Common.php(1188): CodeIgniter\View\View->render('admindashboard', [], true)
 3 APPPATH\Controllers\AdminController.php(21): view('admindashboard', [...])
 4 SYSTEMPATH\CodeIgniter.php(919): App\Controllers\AdminController->index('', '')
 5 SYSTEMPATH\CodeIgniter.php(494): CodeIgniter\CodeIgniter->runController(Object(App\Controllers\AdminController))
 6 SYSTEMPATH\CodeIgniter.php(353): CodeIgniter\CodeIgniter->handleRequest(null, Object(Config\Cache), false)
 7 FCPATH\index.php(79): CodeIgniter\CodeIgniter->run()
 8 SYSTEMPATH\Commands\Server\rewrite.php(47): require_once('C:\\laragon\\www\\ShoeShop\\public\\index.php')
CRITICAL - 2023-09-27 00:23:28 --> syntax error, unexpected end of file
in APPPATH\Views\admindashboard.php on line 365.
 1 SYSTEMPATH\View\View.php(229): CodeIgniter\View\View->CodeIgniter\View\{closure}()
 2 SYSTEMPATH\Common.php(1188): CodeIgniter\View\View->render('admindashboard', [], true)
 3 APPPATH\Controllers\AdminController.php(21): view('admindashboard', [...])
 4 SYSTEMPATH\CodeIgniter.php(919): App\Controllers\AdminController->index('', '')
 5 SYSTEMPATH\CodeIgniter.php(494): CodeIgniter\CodeIgniter->runController(Object(App\Controllers\AdminController))
 6 SYSTEMPATH\CodeIgniter.php(353): CodeIgniter\CodeIgniter->handleRequest(null, Object(Config\Cache), false)
 7 FCPATH\index.php(79): CodeIgniter\CodeIgniter->run()
 8 SYSTEMPATH\Commands\Server\rewrite.php(47): require_once('C:\\laragon\\www\\ShoeShop\\public\\index.php')
CRITICAL - 2023-09-27 00:23:30 --> syntax error, unexpected end of file
in APPPATH\Views\admindashboard.php on line 365.
 1 SYSTEMPATH\View\View.php(229): CodeIgniter\View\View->CodeIgniter\View\{closure}()
 2 SYSTEMPATH\Common.php(1188): CodeIgniter\View\View->render('admindashboard', [], true)
 3 APPPATH\Controllers\AdminController.php(21): view('admindashboard', [...])
 4 SYSTEMPATH\CodeIgniter.php(919): App\Controllers\AdminController->index('', '')
 5 SYSTEMPATH\CodeIgniter.php(494): CodeIgniter\CodeIgniter->runController(Object(App\Controllers\AdminController))
 6 SYSTEMPATH\CodeIgniter.php(353): CodeIgniter\CodeIgniter->handleRequest(null, Object(Config\Cache), false)
 7 FCPATH\index.php(79): CodeIgniter\CodeIgniter->run()
 8 SYSTEMPATH\Commands\Server\rewrite.php(47): require_once('C:\\laragon\\www\\ShoeShop\\public\\index.php')
CRITICAL - 2023-09-27 00:24:07 --> foreach() argument must be of type array|object, null given
in APPPATH\Views\admindashboard.php on line 332.
 1 APPPATH\Views\admindashboard.php(332): CodeIgniter\Debug\Exceptions->errorHandler(2, 'foreach() argument must be of type array|object, null given', 'C:\\laragon\\www\\ShoeShop\\app\\Views\\admindashboard.php', 332)
 2 SYSTEMPATH\View\View.php(226): include('C:\\laragon\\www\\ShoeShop\\app\\Views\\admindashboard.php')
 3 SYSTEMPATH\View\View.php(229): CodeIgniter\View\View->CodeIgniter\View\{closure}()
 4 SYSTEMPATH\Common.php(1188): CodeIgniter\View\View->render('admindashboard', [], true)
 5 APPPATH\Controllers\AdminController.php(21): view('admindashboard', [...])
 6 SYSTEMPATH\CodeIgniter.php(919): App\Controllers\AdminController->index('', '')
 7 SYSTEMPATH\CodeIgniter.php(494): CodeIgniter\CodeIgniter->runController(Object(App\Controllers\AdminController))
 8 SYSTEMPATH\CodeIgniter.php(353): CodeIgniter\CodeIgniter->handleRequest(null, Object(Config\Cache), false)
 9 FCPATH\index.php(79): CodeIgniter\CodeIgniter->run()
10 SYSTEMPATH\Commands\Server\rewrite.php(47): require_once('C:\\laragon\\www\\ShoeShop\\public\\index.php')
CRITICAL - 2023-09-27 00:25:03 --> Undefined variable $pro
in APPPATH\Views\admindashboard.php on line 333.
 1 APPPATH\Views\admindashboard.php(333): CodeIgniter\Debug\Exceptions->errorHandler(2, 'Undefined variable $pro', 'C:\\laragon\\www\\ShoeShop\\app\\Views\\admindashboard.php', 333)
 2 SYSTEMPATH\View\View.php(226): include('C:\\laragon\\www\\ShoeShop\\app\\Views\\admindashboard.php')
 3 SYSTEMPATH\View\View.php(229): CodeIgniter\View\View->CodeIgniter\View\{closure}()
 4 SYSTEMPATH\Common.php(1188): CodeIgniter\View\View->render('admindashboard', [], true)
 5 APPPATH\Controllers\AdminController.php(20): view('admindashboard', [...])
 6 SYSTEMPATH\CodeIgniter.php(919): App\Controllers\AdminController->index('', '')
 7 SYSTEMPATH\CodeIgniter.php(494): CodeIgniter\CodeIgniter->runController(Object(App\Controllers\AdminController))
 8 SYSTEMPATH\CodeIgniter.php(353): CodeIgniter\CodeIgniter->handleRequest(null, Object(Config\Cache), false)
 9 FCPATH\index.php(79): CodeIgniter\CodeIgniter->run()
10 SYSTEMPATH\Commands\Server\rewrite.php(47): require_once('C:\\laragon\\www\\ShoeShop\\public\\index.php')
CRITICAL - 2023-09-27 01:49:08 --> Undefined variable $pro
in APPPATH\Views\admindashboard.php on line 333.
 1 APPPATH\Views\admindashboard.php(333): CodeIgniter\Debug\Exceptions->errorHandler(2, 'Undefined variable $pro', 'C:\\laragon\\www\\ShoeShop\\app\\Views\\admindashboard.php', 333)
 2 SYSTEMPATH\View\View.php(226): include('C:\\laragon\\www\\ShoeShop\\app\\Views\\admindashboard.php')
 3 SYSTEMPATH\View\View.php(229): CodeIgniter\View\View->CodeIgniter\View\{closure}()
 4 SYSTEMPATH\Common.php(1188): CodeIgniter\View\View->render('admindashboard', [], true)
 5 APPPATH\Controllers\AdminController.php(20): view('admindashboard', [...])
 6 SYSTEMPATH\CodeIgniter.php(919): App\Controllers\AdminController->index()
 7 SYSTEMPATH\CodeIgniter.php(494): CodeIgniter\CodeIgniter->runController(Object(App\Controllers\AdminController))
 8 SYSTEMPATH\CodeIgniter.php(353): CodeIgniter\CodeIgniter->handleRequest(null, Object(Config\Cache), false)
 9 FCPATH\index.php(79): CodeIgniter\CodeIgniter->run()
10 SYSTEMPATH\Commands\Server\rewrite.php(47): require_once('C:\\laragon\\www\\ShoeShop\\public\\index.php')
CRITICAL - 2023-09-27 01:49:09 --> Undefined variable $pro
in APPPATH\Views\admindashboard.php on line 333.
 1 APPPATH\Views\admindashboard.php(333): CodeIgniter\Debug\Exceptions->errorHandler(2, 'Undefined variable $pro', 'C:\\laragon\\www\\ShoeShop\\app\\Views\\admindashboard.php', 333)
 2 SYSTEMPATH\View\View.php(226): include('C:\\laragon\\www\\ShoeShop\\app\\Views\\admindashboard.php')
 3 SYSTEMPATH\View\View.php(229): CodeIgniter\View\View->CodeIgniter\View\{closure}()
 4 SYSTEMPATH\Common.php(1188): CodeIgniter\View\View->render('admindashboard', [], true)
 5 APPPATH\Controllers\AdminController.php(20): view('admindashboard', [...])
 6 SYSTEMPATH\CodeIgniter.php(919): App\Controllers\AdminController->index()
 7 SYSTEMPATH\CodeIgniter.php(494): CodeIgniter\CodeIgniter->runController(Object(App\Controllers\AdminController))
 8 SYSTEMPATH\CodeIgniter.php(353): CodeIgniter\CodeIgniter->handleRequest(null, Object(Config\Cache), false)
 9 FCPATH\index.php(79): CodeIgniter\CodeIgniter->run()
10 SYSTEMPATH\Commands\Server\rewrite.php(47): require_once('C:\\laragon\\www\\ShoeShop\\public\\index.php')
CRITICAL - 2023-09-27 01:49:14 --> Undefined variable $pro
in APPPATH\Views\admindashboard.php on line 333.
 1 APPPATH\Views\admindashboard.php(333): CodeIgniter\Debug\Exceptions->errorHandler(2, 'Undefined variable $pro', 'C:\\laragon\\www\\ShoeShop\\app\\Views\\admindashboard.php', 333)
 2 SYSTEMPATH\View\View.php(226): include('C:\\laragon\\www\\ShoeShop\\app\\Views\\admindashboard.php')
 3 SYSTEMPATH\View\View.php(229): CodeIgniter\View\View->CodeIgniter\View\{closure}()
 4 SYSTEMPATH\Common.php(1188): CodeIgniter\View\View->render('admindashboard', [], true)
 5 APPPATH\Controllers\AdminController.php(20): view('admindashboard', [...])
 6 SYSTEMPATH\CodeIgniter.php(919): App\Controllers\AdminController->index()
 7 SYSTEMPATH\CodeIgniter.php(494): CodeIgniter\CodeIgniter->runController(Object(App\Controllers\AdminController))
 8 SYSTEMPATH\CodeIgniter.php(353): CodeIgniter\CodeIgniter->handleRequest(null, Object(Config\Cache), false)
 9 FCPATH\index.php(79): CodeIgniter\CodeIgniter->run()
10 SYSTEMPATH\Commands\Server\rewrite.php(47): require_once('C:\\laragon\\www\\ShoeShop\\public\\index.php')
CRITICAL - 2023-09-27 01:49:14 --> Undefined variable $pro
in APPPATH\Views\admindashboard.php on line 333.
 1 APPPATH\Views\admindashboard.php(333): CodeIgniter\Debug\Exceptions->errorHandler(2, 'Undefined variable $pro', 'C:\\laragon\\www\\ShoeShop\\app\\Views\\admindashboard.php', 333)
 2 SYSTEMPATH\View\View.php(226): include('C:\\laragon\\www\\ShoeShop\\app\\Views\\admindashboard.php')
 3 SYSTEMPATH\View\View.php(229): CodeIgniter\View\View->CodeIgniter\View\{closure}()
 4 SYSTEMPATH\Common.php(1188): CodeIgniter\View\View->render('admindashboard', [], true)
 5 APPPATH\Controllers\AdminController.php(20): view('admindashboard', [...])
 6 SYSTEMPATH\CodeIgniter.php(919): App\Controllers\AdminController->index()
 7 SYSTEMPATH\CodeIgniter.php(494): CodeIgniter\CodeIgniter->runController(Object(App\Controllers\AdminController))
 8 SYSTEMPATH\CodeIgniter.php(353): CodeIgniter\CodeIgniter->handleRequest(null, Object(Config\Cache), false)
 9 FCPATH\index.php(79): CodeIgniter\CodeIgniter->run()
10 SYSTEMPATH\Commands\Server\rewrite.php(47): require_once('C:\\laragon\\www\\ShoeShop\\public\\index.php')
CRITICAL - 2023-09-27 01:49:59 --> Undefined variable $pro
in APPPATH\Views\admindashboard.php on line 333.
 1 APPPATH\Views\admindashboard.php(333): CodeIgniter\Debug\Exceptions->errorHandler(2, 'Undefined variable $pro', 'C:\\laragon\\www\\ShoeShop\\app\\Views\\admindashboard.php', 333)
 2 SYSTEMPATH\View\View.php(226): include('C:\\laragon\\www\\ShoeShop\\app\\Views\\admindashboard.php')
 3 SYSTEMPATH\View\View.php(229): CodeIgniter\View\View->CodeIgniter\View\{closure}()
 4 SYSTEMPATH\Common.php(1188): CodeIgniter\View\View->render('admindashboard', [], true)
 5 APPPATH\Controllers\AdminController.php(20): view('admindashboard', [...])
 6 SYSTEMPATH\CodeIgniter.php(919): App\Controllers\AdminController->index()
 7 SYSTEMPATH\CodeIgniter.php(494): CodeIgniter\CodeIgniter->runController(Object(App\Controllers\AdminController))
 8 SYSTEMPATH\CodeIgniter.php(353): CodeIgniter\CodeIgniter->handleRequest(null, Object(Config\Cache), false)
 9 FCPATH\index.php(79): CodeIgniter\CodeIgniter->run()
10 SYSTEMPATH\Commands\Server\rewrite.php(47): require_once('C:\\laragon\\www\\ShoeShop\\public\\index.php')
CRITICAL - 2023-09-27 01:51:43 --> Undefined variable $pro
in APPPATH\Views\admindashboard.php on line 331.
 1 APPPATH\Views\admindashboard.php(331): CodeIgniter\Debug\Exceptions->errorHandler(2, 'Undefined variable $pro', 'C:\\laragon\\www\\ShoeShop\\app\\Views\\admindashboard.php', 331)
 2 SYSTEMPATH\View\View.php(226): include('C:\\laragon\\www\\ShoeShop\\app\\Views\\admindashboard.php')
 3 SYSTEMPATH\View\View.php(229): CodeIgniter\View\View->CodeIgniter\View\{closure}()
 4 SYSTEMPATH\Common.php(1188): CodeIgniter\View\View->render('admindashboard', [], true)
 5 APPPATH\Controllers\AdminController.php(20): view('admindashboard', [...])
 6 SYSTEMPATH\CodeIgniter.php(919): App\Controllers\AdminController->index()
 7 SYSTEMPATH\CodeIgniter.php(494): CodeIgniter\CodeIgniter->runController(Object(App\Controllers\AdminController))
 8 SYSTEMPATH\CodeIgniter.php(353): CodeIgniter\CodeIgniter->handleRequest(null, Object(Config\Cache), false)
 9 FCPATH\index.php(79): CodeIgniter\CodeIgniter->run()
10 SYSTEMPATH\Commands\Server\rewrite.php(47): require_once('C:\\laragon\\www\\ShoeShop\\public\\index.php')
CRITICAL - 2023-09-27 01:51:46 --> Undefined variable $pro
in APPPATH\Views\admindashboard.php on line 331.
 1 APPPATH\Views\admindashboard.php(331): CodeIgniter\Debug\Exceptions->errorHandler(2, 'Undefined variable $pro', 'C:\\laragon\\www\\ShoeShop\\app\\Views\\admindashboard.php', 331)
 2 SYSTEMPATH\View\View.php(226): include('C:\\laragon\\www\\ShoeShop\\app\\Views\\admindashboard.php')
 3 SYSTEMPATH\View\View.php(229): CodeIgniter\View\View->CodeIgniter\View\{closure}()
 4 SYSTEMPATH\Common.php(1188): CodeIgniter\View\View->render('admindashboard', [], true)
 5 APPPATH\Controllers\AdminController.php(20): view('admindashboard', [...])
 6 SYSTEMPATH\CodeIgniter.php(919): App\Controllers\AdminController->index()
 7 SYSTEMPATH\CodeIgniter.php(494): CodeIgniter\CodeIgniter->runController(Object(App\Controllers\AdminController))
 8 SYSTEMPATH\CodeIgniter.php(353): CodeIgniter\CodeIgniter->handleRequest(null, Object(Config\Cache), false)
 9 FCPATH\index.php(79): CodeIgniter\CodeIgniter->run()
10 SYSTEMPATH\Commands\Server\rewrite.php(47): require_once('C:\\laragon\\www\\ShoeShop\\public\\index.php')
CRITICAL - 2023-09-27 01:51:47 --> Undefined variable $pro
in APPPATH\Views\admindashboard.php on line 331.
 1 APPPATH\Views\admindashboard.php(331): CodeIgniter\Debug\Exceptions->errorHandler(2, 'Undefined variable $pro', 'C:\\laragon\\www\\ShoeShop\\app\\Views\\admindashboard.php', 331)
 2 SYSTEMPATH\View\View.php(226): include('C:\\laragon\\www\\ShoeShop\\app\\Views\\admindashboard.php')
 3 SYSTEMPATH\View\View.php(229): CodeIgniter\View\View->CodeIgniter\View\{closure}()
 4 SYSTEMPATH\Common.php(1188): CodeIgniter\View\View->render('admindashboard', [], true)
 5 APPPATH\Controllers\AdminController.php(20): view('admindashboard', [...])
 6 SYSTEMPATH\CodeIgniter.php(919): App\Controllers\AdminController->index()
 7 SYSTEMPATH\CodeIgniter.php(494): CodeIgniter\CodeIgniter->runController(Object(App\Controllers\AdminController))
 8 SYSTEMPATH\CodeIgniter.php(353): CodeIgniter\CodeIgniter->handleRequest(null, Object(Config\Cache), false)
 9 FCPATH\index.php(79): CodeIgniter\CodeIgniter->run()
10 SYSTEMPATH\Commands\Server\rewrite.php(47): require_once('C:\\laragon\\www\\ShoeShop\\public\\index.php')
CRITICAL - 2023-09-27 01:51:47 --> Undefined variable $pro
in APPPATH\Views\admindashboard.php on line 331.
 1 APPPATH\Views\admindashboard.php(331): CodeIgniter\Debug\Exceptions->errorHandler(2, 'Undefined variable $pro', 'C:\\laragon\\www\\ShoeShop\\app\\Views\\admindashboard.php', 331)
 2 SYSTEMPATH\View\View.php(226): include('C:\\laragon\\www\\ShoeShop\\app\\Views\\admindashboard.php')
 3 SYSTEMPATH\View\View.php(229): CodeIgniter\View\View->CodeIgniter\View\{closure}()
 4 SYSTEMPATH\Common.php(1188): CodeIgniter\View\View->render('admindashboard', [], true)
 5 APPPATH\Controllers\AdminController.php(20): view('admindashboard', [...])
 6 SYSTEMPATH\CodeIgniter.php(919): App\Controllers\AdminController->index()
 7 SYSTEMPATH\CodeIgniter.php(494): CodeIgniter\CodeIgniter->runController(Object(App\Controllers\AdminController))
 8 SYSTEMPATH\CodeIgniter.php(353): CodeIgniter\CodeIgniter->handleRequest(null, Object(Config\Cache), false)
 9 FCPATH\index.php(79): CodeIgniter\CodeIgniter->run()
10 SYSTEMPATH\Commands\Server\rewrite.php(47): require_once('C:\\laragon\\www\\ShoeShop\\public\\index.php')
CRITICAL - 2023-09-27 01:51:49 --> Undefined variable $pro
in APPPATH\Views\admindashboard.php on line 331.
 1 APPPATH\Views\admindashboard.php(331): CodeIgniter\Debug\Exceptions->errorHandler(2, 'Undefined variable $pro', 'C:\\laragon\\www\\ShoeShop\\app\\Views\\admindashboard.php', 331)
 2 SYSTEMPATH\View\View.php(226): include('C:\\laragon\\www\\ShoeShop\\app\\Views\\admindashboard.php')
 3 SYSTEMPATH\View\View.php(229): CodeIgniter\View\View->CodeIgniter\View\{closure}()
 4 SYSTEMPATH\Common.php(1188): CodeIgniter\View\View->render('admindashboard', [], true)
 5 APPPATH\Controllers\AdminController.php(20): view('admindashboard', [...])
 6 SYSTEMPATH\CodeIgniter.php(919): App\Controllers\AdminController->index()
 7 SYSTEMPATH\CodeIgniter.php(494): CodeIgniter\CodeIgniter->runController(Object(App\Controllers\AdminController))
 8 SYSTEMPATH\CodeIgniter.php(353): CodeIgniter\CodeIgniter->handleRequest(null, Object(Config\Cache), false)
 9 FCPATH\index.php(79): CodeIgniter\CodeIgniter->run()
10 SYSTEMPATH\Commands\Server\rewrite.php(47): require_once('C:\\laragon\\www\\ShoeShop\\public\\index.php')
CRITICAL - 2023-09-27 02:53:39 --> Undefined variable $pro
in APPPATH\Views\admindashboard.php on line 331.
 1 APPPATH\Views\admindashboard.php(331): CodeIgniter\Debug\Exceptions->errorHandler(2, 'Undefined variable $pro', 'C:\\laragon\\www\\ShoeShop\\app\\Views\\admindashboard.php', 331)
 2 SYSTEMPATH\View\View.php(226): include('C:\\laragon\\www\\ShoeShop\\app\\Views\\admindashboard.php')
 3 SYSTEMPATH\View\View.php(229): CodeIgniter\View\View->CodeIgniter\View\{closure}()
 4 SYSTEMPATH\Common.php(1188): CodeIgniter\View\View->render('admindashboard', [], true)
 5 APPPATH\Controllers\AdminController.php(20): view('admindashboard', [...])
 6 SYSTEMPATH\CodeIgniter.php(919): App\Controllers\AdminController->index()
 7 SYSTEMPATH\CodeIgniter.php(494): CodeIgniter\CodeIgniter->runController(Object(App\Controllers\AdminController))
 8 SYSTEMPATH\CodeIgniter.php(353): CodeIgniter\CodeIgniter->handleRequest(null, Object(Config\Cache), false)
 9 FCPATH\index.php(79): CodeIgniter\CodeIgniter->run()
10 SYSTEMPATH\Commands\Server\rewrite.php(47): require_once('C:\\laragon\\www\\ShoeShop\\public\\index.php')
CRITICAL - 2023-09-27 06:57:05 --> Undefined variable $pro
in APPPATH\Views\admindashboard.php on line 331.
 1 APPPATH\Views\admindashboard.php(331): CodeIgniter\Debug\Exceptions->errorHandler(2, 'Undefined variable $pro', 'C:\\laragon\\www\\ShoeShop\\app\\Views\\admindashboard.php', 331)
 2 SYSTEMPATH\View\View.php(226): include('C:\\laragon\\www\\ShoeShop\\app\\Views\\admindashboard.php')
 3 SYSTEMPATH\View\View.php(229): CodeIgniter\View\View->CodeIgniter\View\{closure}()
 4 SYSTEMPATH\Common.php(1188): CodeIgniter\View\View->render('admindashboard', [], true)
 5 APPPATH\Controllers\AdminController.php(20): view('admindashboard', [...])
 6 SYSTEMPATH\CodeIgniter.php(919): App\Controllers\AdminController->index()
 7 SYSTEMPATH\CodeIgniter.php(494): CodeIgniter\CodeIgniter->runController(Object(App\Controllers\AdminController))
 8 SYSTEMPATH\CodeIgniter.php(353): CodeIgniter\CodeIgniter->handleRequest(null, Object(Config\Cache), false)
 9 FCPATH\index.php(79): CodeIgniter\CodeIgniter->run()
10 SYSTEMPATH\Commands\Server\rewrite.php(47): require_once('C:\\laragon\\www\\ShoeShop\\public\\index.php')
CRITICAL - 2023-09-27 06:57:06 --> Undefined variable $pro
in APPPATH\Views\admindashboard.php on line 331.
 1 APPPATH\Views\admindashboard.php(331): CodeIgniter\Debug\Exceptions->errorHandler(2, 'Undefined variable $pro', 'C:\\laragon\\www\\ShoeShop\\app\\Views\\admindashboard.php', 331)
 2 SYSTEMPATH\View\View.php(226): include('C:\\laragon\\www\\ShoeShop\\app\\Views\\admindashboard.php')
 3 SYSTEMPATH\View\View.php(229): CodeIgniter\View\View->CodeIgniter\View\{closure}()
 4 SYSTEMPATH\Common.php(1188): CodeIgniter\View\View->render('admindashboard', [], true)
 5 APPPATH\Controllers\AdminController.php(20): view('admindashboard', [...])
 6 SYSTEMPATH\CodeIgniter.php(919): App\Controllers\AdminController->index()
 7 SYSTEMPATH\CodeIgniter.php(494): CodeIgniter\CodeIgniter->runController(Object(App\Controllers\AdminController))
 8 SYSTEMPATH\CodeIgniter.php(353): CodeIgniter\CodeIgniter->handleRequest(null, Object(Config\Cache), false)
 9 FCPATH\index.php(79): CodeIgniter\CodeIgniter->run()
10 SYSTEMPATH\Commands\Server\rewrite.php(47): require_once('C:\\laragon\\www\\ShoeShop\\public\\index.php')
CRITICAL - 2023-09-27 07:04:46 --> Undefined variable $pro
in APPPATH\Views\admindashboard.php on line 331.
 1 APPPATH\Views\admindashboard.php(331): CodeIgniter\Debug\Exceptions->errorHandler(2, 'Undefined variable $pro', 'C:\\laragon\\www\\ShoeShop\\app\\Views\\admindashboard.php', 331)
 2 SYSTEMPATH\View\View.php(226): include('C:\\laragon\\www\\ShoeShop\\app\\Views\\admindashboard.php')
 3 SYSTEMPATH\View\View.php(229): CodeIgniter\View\View->CodeIgniter\View\{closure}()
 4 SYSTEMPATH\Common.php(1188): CodeIgniter\View\View->render('admindashboard', [], true)
 5 APPPATH\Controllers\AdminController.php(20): view('admindashboard', [...])
 6 SYSTEMPATH\CodeIgniter.php(919): App\Controllers\AdminController->index()
 7 SYSTEMPATH\CodeIgniter.php(494): CodeIgniter\CodeIgniter->runController(Object(App\Controllers\AdminController))
 8 SYSTEMPATH\CodeIgniter.php(353): CodeIgniter\CodeIgniter->handleRequest(null, Object(Config\Cache), false)
 9 FCPATH\index.php(79): CodeIgniter\CodeIgniter->run()
10 SYSTEMPATH\Commands\Server\rewrite.php(47): require_once('C:\\laragon\\www\\ShoeShop\\public\\index.php')
CRITICAL - 2023-09-27 07:06:59 --> Undefined variable $pro
in APPPATH\Views\admindashboard.php on line 333.
 1 APPPATH\Views\admindashboard.php(333): CodeIgniter\Debug\Exceptions->errorHandler(2, 'Undefined variable $pro', 'C:\\laragon\\www\\ShoeShop\\app\\Views\\admindashboard.php', 333)
 2 SYSTEMPATH\View\View.php(226): include('C:\\laragon\\www\\ShoeShop\\app\\Views\\admindashboard.php')
 3 SYSTEMPATH\View\View.php(229): CodeIgniter\View\View->CodeIgniter\View\{closure}()
 4 SYSTEMPATH\Common.php(1188): CodeIgniter\View\View->render('admindashboard', [], true)
 5 APPPATH\Controllers\AdminController.php(20): view('admindashboard', [...])
 6 SYSTEMPATH\CodeIgniter.php(919): App\Controllers\AdminController->index()
 7 SYSTEMPATH\CodeIgniter.php(494): CodeIgniter\CodeIgniter->runController(Object(App\Controllers\AdminController))
 8 SYSTEMPATH\CodeIgniter.php(353): CodeIgniter\CodeIgniter->handleRequest(null, Object(Config\Cache), false)
 9 FCPATH\index.php(79): CodeIgniter\CodeIgniter->run()
10 SYSTEMPATH\Commands\Server\rewrite.php(47): require_once('C:\\laragon\\www\\ShoeShop\\public\\index.php')
CRITICAL - 2023-09-27 07:11:47 --> Too few arguments to function App\Controllers\AdminController::index(), 0 passed in C:\laragon\www\ShoeShop\system\CodeIgniter.php on line 919 and exactly 1 expected
in APPPATH\Controllers\AdminController.php on line 16.
 1 SYSTEMPATH\CodeIgniter.php(919): App\Controllers\AdminController->index()
 2 SYSTEMPATH\CodeIgniter.php(494): CodeIgniter\CodeIgniter->runController(Object(App\Controllers\AdminController))
 3 SYSTEMPATH\CodeIgniter.php(353): CodeIgniter\CodeIgniter->handleRequest(null, Object(Config\Cache), false)
 4 FCPATH\index.php(79): CodeIgniter\CodeIgniter->run()
 5 SYSTEMPATH\Commands\Server\rewrite.php(47): require_once('C:\\laragon\\www\\ShoeShop\\public\\index.php')
CRITICAL - 2023-09-27 07:12:13 --> Too few arguments to function App\Controllers\AdminController::index(), 0 passed in C:\laragon\www\ShoeShop\system\CodeIgniter.php on line 919 and exactly 1 expected
in APPPATH\Controllers\AdminController.php on line 16.
 1 SYSTEMPATH\CodeIgniter.php(919): App\Controllers\AdminController->index()
 2 SYSTEMPATH\CodeIgniter.php(494): CodeIgniter\CodeIgniter->runController(Object(App\Controllers\AdminController))
 3 SYSTEMPATH\CodeIgniter.php(353): CodeIgniter\CodeIgniter->handleRequest(null, Object(Config\Cache), false)
 4 FCPATH\index.php(79): CodeIgniter\CodeIgniter->run()
 5 SYSTEMPATH\Commands\Server\rewrite.php(47): require_once('C:\\laragon\\www\\ShoeShop\\public\\index.php')
CRITICAL - 2023-09-27 07:12:22 --> Too few arguments to function App\Controllers\AdminController::index(), 0 passed in C:\laragon\www\ShoeShop\system\CodeIgniter.php on line 919 and exactly 1 expected
in APPPATH\Controllers\AdminController.php on line 16.
 1 SYSTEMPATH\CodeIgniter.php(919): App\Controllers\AdminController->index()
 2 SYSTEMPATH\CodeIgniter.php(494): CodeIgniter\CodeIgniter->runController(Object(App\Controllers\AdminController))
 3 SYSTEMPATH\CodeIgniter.php(353): CodeIgniter\CodeIgniter->handleRequest(null, Object(Config\Cache), false)
 4 FCPATH\index.php(79): CodeIgniter\CodeIgniter->run()
 5 SYSTEMPATH\Commands\Server\rewrite.php(47): require_once('C:\\laragon\\www\\ShoeShop\\public\\index.php')
CRITICAL - 2023-09-27 07:12:58 --> Undefined variable $pro
in APPPATH\Views\admindashboard.php on line 333.
 1 APPPATH\Views\admindashboard.php(333): CodeIgniter\Debug\Exceptions->errorHandler(2, 'Undefined variable $pro', 'C:\\laragon\\www\\ShoeShop\\app\\Views\\admindashboard.php', 333)
 2 SYSTEMPATH\View\View.php(226): include('C:\\laragon\\www\\ShoeShop\\app\\Views\\admindashboard.php')
 3 SYSTEMPATH\View\View.php(229): CodeIgniter\View\View->CodeIgniter\View\{closure}()
 4 SYSTEMPATH\Common.php(1188): CodeIgniter\View\View->render('admindashboard', [], true)
 5 APPPATH\Controllers\AdminController.php(20): view('admindashboard', [...])
 6 SYSTEMPATH\CodeIgniter.php(919): App\Controllers\AdminController->index()
 7 SYSTEMPATH\CodeIgniter.php(494): CodeIgniter\CodeIgniter->runController(Object(App\Controllers\AdminController))
 8 SYSTEMPATH\CodeIgniter.php(353): CodeIgniter\CodeIgniter->handleRequest(null, Object(Config\Cache), false)
 9 FCPATH\index.php(79): CodeIgniter\CodeIgniter->run()
10 SYSTEMPATH\Commands\Server\rewrite.php(47): require_once('C:\\laragon\\www\\ShoeShop\\public\\index.php')
CRITICAL - 2023-09-27 07:22:45 --> Undefined variable $pro
in APPPATH\Views\admindashboard.php on line 333.
 1 APPPATH\Views\admindashboard.php(333): CodeIgniter\Debug\Exceptions->errorHandler(2, 'Undefined variable $pro', 'C:\\laragon\\www\\ShoeShop\\app\\Views\\admindashboard.php', 333)
 2 SYSTEMPATH\View\View.php(226): include('C:\\laragon\\www\\ShoeShop\\app\\Views\\admindashboard.php')
 3 SYSTEMPATH\View\View.php(229): CodeIgniter\View\View->CodeIgniter\View\{closure}()
 4 SYSTEMPATH\Common.php(1188): CodeIgniter\View\View->render('admindashboard', [], true)
 5 APPPATH\Controllers\AdminController.php(20): view('admindashboard', [...])
 6 SYSTEMPATH\CodeIgniter.php(919): App\Controllers\AdminController->index()
 7 SYSTEMPATH\CodeIgniter.php(494): CodeIgniter\CodeIgniter->runController(Object(App\Controllers\AdminController))
 8 SYSTEMPATH\CodeIgniter.php(353): CodeIgniter\CodeIgniter->handleRequest(null, Object(Config\Cache), false)
 9 FCPATH\index.php(79): CodeIgniter\CodeIgniter->run()
10 SYSTEMPATH\Commands\Server\rewrite.php(47): require_once('C:\\laragon\\www\\ShoeShop\\public\\index.php')
CRITICAL - 2023-09-27 07:22:54 --> Undefined variable $pro
in APPPATH\Views\admindashboard.php on line 333.
 1 APPPATH\Views\admindashboard.php(333): CodeIgniter\Debug\Exceptions->errorHandler(2, 'Undefined variable $pro', 'C:\\laragon\\www\\ShoeShop\\app\\Views\\admindashboard.php', 333)
 2 SYSTEMPATH\View\View.php(226): include('C:\\laragon\\www\\ShoeShop\\app\\Views\\admindashboard.php')
 3 SYSTEMPATH\View\View.php(229): CodeIgniter\View\View->CodeIgniter\View\{closure}()
 4 SYSTEMPATH\Common.php(1188): CodeIgniter\View\View->render('admindashboard', [], true)
 5 APPPATH\Controllers\AdminController.php(20): view('admindashboard', [...])
 6 SYSTEMPATH\CodeIgniter.php(919): App\Controllers\AdminController->index()
 7 SYSTEMPATH\CodeIgniter.php(494): CodeIgniter\CodeIgniter->runController(Object(App\Controllers\AdminController))
 8 SYSTEMPATH\CodeIgniter.php(353): CodeIgniter\CodeIgniter->handleRequest(null, Object(Config\Cache), false)
 9 FCPATH\index.php(79): CodeIgniter\CodeIgniter->run()
10 SYSTEMPATH\Commands\Server\rewrite.php(47): require_once('C:\\laragon\\www\\ShoeShop\\public\\index.php')
CRITICAL - 2023-09-27 07:27:45 --> Undefined variable $name
in APPPATH\Views\adminProducts.php on line 184.
 1 APPPATH\Views\adminProducts.php(184): CodeIgniter\Debug\Exceptions->errorHandler(2, 'Undefined variable $name', 'C:\\laragon\\www\\ShoeShop\\app\\Views\\adminProducts.php', 184)
 2 SYSTEMPATH\View\View.php(226): include('C:\\laragon\\www\\ShoeShop\\app\\Views\\adminProducts.php')
 3 SYSTEMPATH\View\View.php(229): CodeIgniter\View\View->CodeIgniter\View\{closure}()
 4 SYSTEMPATH\Common.php(1188): CodeIgniter\View\View->render('adminProducts', [], true)
 5 APPPATH\Controllers\AdminController.php(56): view('adminProducts')
 6 SYSTEMPATH\CodeIgniter.php(919): App\Controllers\AdminController->goToProducts()
 7 SYSTEMPATH\CodeIgniter.php(494): CodeIgniter\CodeIgniter->runController(Object(App\Controllers\AdminController))
 8 SYSTEMPATH\CodeIgniter.php(353): CodeIgniter\CodeIgniter->handleRequest(null, Object(Config\Cache), false)
 9 FCPATH\index.php(79): CodeIgniter\CodeIgniter->run()
10 SYSTEMPATH\Commands\Server\rewrite.php(47): require_once('C:\\laragon\\www\\ShoeShop\\public\\index.php')
CRITICAL - 2023-09-27 07:35:51 --> Undefined variable $pro
in APPPATH\Views\admindashboard.php on line 333.
 1 APPPATH\Views\admindashboard.php(333): CodeIgniter\Debug\Exceptions->errorHandler(2, 'Undefined variable $pro', 'C:\\laragon\\www\\ShoeShop\\app\\Views\\admindashboard.php', 333)
 2 SYSTEMPATH\View\View.php(226): include('C:\\laragon\\www\\ShoeShop\\app\\Views\\admindashboard.php')
 3 SYSTEMPATH\View\View.php(229): CodeIgniter\View\View->CodeIgniter\View\{closure}()
 4 SYSTEMPATH\Common.php(1188): CodeIgniter\View\View->render('admindashboard', [], true)
 5 APPPATH\Controllers\AdminController.php(20): view('admindashboard', [...])
 6 SYSTEMPATH\CodeIgniter.php(919): App\Controllers\AdminController->index()
 7 SYSTEMPATH\CodeIgniter.php(494): CodeIgniter\CodeIgniter->runController(Object(App\Controllers\AdminController))
 8 SYSTEMPATH\CodeIgniter.php(353): CodeIgniter\CodeIgniter->handleRequest(null, Object(Config\Cache), false)
 9 FCPATH\index.php(79): CodeIgniter\CodeIgniter->run()
10 SYSTEMPATH\Commands\Server\rewrite.php(47): require_once('C:\\laragon\\www\\ShoeShop\\public\\index.php')
CRITICAL - 2023-09-27 07:58:09 --> Undefined variable $pro
in APPPATH\Views\adminProducts.php on line 151.
 1 APPPATH\Views\adminProducts.php(151): CodeIgniter\Debug\Exceptions->errorHandler(2, 'Undefined variable $pro', 'C:\\laragon\\www\\ShoeShop\\app\\Views\\adminProducts.php', 151)
 2 SYSTEMPATH\View\View.php(226): include('C:\\laragon\\www\\ShoeShop\\app\\Views\\adminProducts.php')
 3 SYSTEMPATH\View\View.php(229): CodeIgniter\View\View->CodeIgniter\View\{closure}()
 4 SYSTEMPATH\Common.php(1188): CodeIgniter\View\View->render('adminProducts', [], true)
 5 APPPATH\Controllers\AdminController.php(58): view('adminProducts', [...])
 6 SYSTEMPATH\CodeIgniter.php(919): App\Controllers\AdminController->goToProducts()
 7 SYSTEMPATH\CodeIgniter.php(494): CodeIgniter\CodeIgniter->runController(Object(App\Controllers\AdminController))
 8 SYSTEMPATH\CodeIgniter.php(353): CodeIgniter\CodeIgniter->handleRequest(null, Object(Config\Cache), false)
 9 FCPATH\index.php(79): CodeIgniter\CodeIgniter->run()
10 SYSTEMPATH\Commands\Server\rewrite.php(47): require_once('C:\\laragon\\www\\ShoeShop\\public\\index.php')
CRITICAL - 2023-09-27 08:03:53 --> Undefined variable $pro
in APPPATH\Views\adminProducts.php on line 151.
 1 APPPATH\Views\adminProducts.php(151): CodeIgniter\Debug\Exceptions->errorHandler(2, 'Undefined variable $pro', 'C:\\laragon\\www\\ShoeShop\\app\\Views\\adminProducts.php', 151)
 2 SYSTEMPATH\View\View.php(226): include('C:\\laragon\\www\\ShoeShop\\app\\Views\\adminProducts.php')
 3 SYSTEMPATH\View\View.php(229): CodeIgniter\View\View->CodeIgniter\View\{closure}()
 4 SYSTEMPATH\Common.php(1188): CodeIgniter\View\View->render('adminProducts', [], true)
 5 APPPATH\Controllers\AdminController.php(58): view('adminProducts', [...])
 6 SYSTEMPATH\CodeIgniter.php(919): App\Controllers\AdminController->goToProducts()
 7 SYSTEMPATH\CodeIgniter.php(494): CodeIgniter\CodeIgniter->runController(Object(App\Controllers\AdminController))
 8 SYSTEMPATH\CodeIgniter.php(353): CodeIgniter\CodeIgniter->handleRequest(null, Object(Config\Cache), false)
 9 FCPATH\index.php(79): CodeIgniter\CodeIgniter->run()
10 SYSTEMPATH\Commands\Server\rewrite.php(47): require_once('C:\\laragon\\www\\ShoeShop\\public\\index.php')
CRITICAL - 2023-09-27 08:04:02 --> Undefined variable $pro
in APPPATH\Views\adminProducts.php on line 151.
 1 APPPATH\Views\adminProducts.php(151): CodeIgniter\Debug\Exceptions->errorHandler(2, 'Undefined variable $pro', 'C:\\laragon\\www\\ShoeShop\\app\\Views\\adminProducts.php', 151)
 2 SYSTEMPATH\View\View.php(226): include('C:\\laragon\\www\\ShoeShop\\app\\Views\\adminProducts.php')
 3 SYSTEMPATH\View\View.php(229): CodeIgniter\View\View->CodeIgniter\View\{closure}()
 4 SYSTEMPATH\Common.php(1188): CodeIgniter\View\View->render('adminProducts', [], true)
 5 APPPATH\Controllers\AdminController.php(58): view('adminProducts', [...])
 6 SYSTEMPATH\CodeIgniter.php(919): App\Controllers\AdminController->goToProducts()
 7 SYSTEMPATH\CodeIgniter.php(494): CodeIgniter\CodeIgniter->runController(Object(App\Controllers\AdminController))
 8 SYSTEMPATH\CodeIgniter.php(353): CodeIgniter\CodeIgniter->handleRequest(null, Object(Config\Cache), false)
 9 FCPATH\index.php(79): CodeIgniter\CodeIgniter->run()
10 SYSTEMPATH\Commands\Server\rewrite.php(47): require_once('C:\\laragon\\www\\ShoeShop\\public\\index.php')
CRITICAL - 2023-09-27 08:04:07 --> Undefined variable $pro
in APPPATH\Views\adminProducts.php on line 151.
 1 APPPATH\Views\adminProducts.php(151): CodeIgniter\Debug\Exceptions->errorHandler(2, 'Undefined variable $pro', 'C:\\laragon\\www\\ShoeShop\\app\\Views\\adminProducts.php', 151)
 2 SYSTEMPATH\View\View.php(226): include('C:\\laragon\\www\\ShoeShop\\app\\Views\\adminProducts.php')
 3 SYSTEMPATH\View\View.php(229): CodeIgniter\View\View->CodeIgniter\View\{closure}()
 4 SYSTEMPATH\Common.php(1188): CodeIgniter\View\View->render('adminProducts', [], true)
 5 APPPATH\Controllers\AdminController.php(58): view('adminProducts', [...])
 6 SYSTEMPATH\CodeIgniter.php(919): App\Controllers\AdminController->goToProducts()
 7 SYSTEMPATH\CodeIgniter.php(494): CodeIgniter\CodeIgniter->runController(Object(App\Controllers\AdminController))
 8 SYSTEMPATH\CodeIgniter.php(353): CodeIgniter\CodeIgniter->handleRequest(null, Object(Config\Cache), false)
 9 FCPATH\index.php(79): CodeIgniter\CodeIgniter->run()
10 SYSTEMPATH\Commands\Server\rewrite.php(47): require_once('C:\\laragon\\www\\ShoeShop\\public\\index.php')
CRITICAL - 2023-09-27 08:34:26 --> Undefined array key "productsId"
in APPPATH\Controllers\AdminController.php on line 24.
 1 APPPATH\Controllers\AdminController.php(24): CodeIgniter\Debug\Exceptions->errorHandler(2, 'Undefined array key "productsId"', 'C:\\laragon\\www\\ShoeShop\\app\\Controllers\\AdminController.php', 24)
 2 SYSTEMPATH\CodeIgniter.php(919): App\Controllers\AdminController->save()
 3 SYSTEMPATH\CodeIgniter.php(494): CodeIgniter\CodeIgniter->runController(Object(App\Controllers\AdminController))
 4 SYSTEMPATH\CodeIgniter.php(353): CodeIgniter\CodeIgniter->handleRequest(null, Object(Config\Cache), false)
 5 FCPATH\index.php(79): CodeIgniter\CodeIgniter->run()
 6 SYSTEMPATH\Commands\Server\rewrite.php(47): require_once('C:\\laragon\\www\\ShoeShop\\public\\index.php')
CRITICAL - 2023-09-27 08:34:27 --> Undefined array key "productsId"
in APPPATH\Controllers\AdminController.php on line 24.
 1 APPPATH\Controllers\AdminController.php(24): CodeIgniter\Debug\Exceptions->errorHandler(2, 'Undefined array key "productsId"', 'C:\\laragon\\www\\ShoeShop\\app\\Controllers\\AdminController.php', 24)
 2 SYSTEMPATH\CodeIgniter.php(919): App\Controllers\AdminController->save()
 3 SYSTEMPATH\CodeIgniter.php(494): CodeIgniter\CodeIgniter->runController(Object(App\Controllers\AdminController))
 4 SYSTEMPATH\CodeIgniter.php(353): CodeIgniter\CodeIgniter->handleRequest(null, Object(Config\Cache), false)
 5 FCPATH\index.php(79): CodeIgniter\CodeIgniter->run()
 6 SYSTEMPATH\Commands\Server\rewrite.php(47): require_once('C:\\laragon\\www\\ShoeShop\\public\\index.php')
CRITICAL - 2023-09-27 08:51:36 --> Undefined variable $name
in APPPATH\Views\admindashboard.php on line 220.
 1 APPPATH\Views\admindashboard.php(220): CodeIgniter\Debug\Exceptions->errorHandler(2, 'Undefined variable $name', 'C:\\laragon\\www\\ShoeShop\\app\\Views\\admindashboard.php', 220)
 2 SYSTEMPATH\View\View.php(226): include('C:\\laragon\\www\\ShoeShop\\app\\Views\\admindashboard.php')
 3 SYSTEMPATH\View\View.php(229): CodeIgniter\View\View->CodeIgniter\View\{closure}()
 4 SYSTEMPATH\Common.php(1188): CodeIgniter\View\View->render('admindashboard', [], true)
 5 APPPATH\Controllers\AdminController.php(18): view('admindashboard')
 6 SYSTEMPATH\CodeIgniter.php(919): App\Controllers\AdminController->index()
 7 SYSTEMPATH\CodeIgniter.php(494): CodeIgniter\CodeIgniter->runController(Object(App\Controllers\AdminController))
 8 SYSTEMPATH\CodeIgniter.php(353): CodeIgniter\CodeIgniter->handleRequest(null, Object(Config\Cache), false)
 9 FCPATH\index.php(79): CodeIgniter\CodeIgniter->run()
10 SYSTEMPATH\Commands\Server\rewrite.php(47): require_once('C:\\laragon\\www\\ShoeShop\\public\\index.php')
CRITICAL - 2023-09-27 08:51:40 --> Undefined variable $name
in APPPATH\Views\admindashboard.php on line 220.
 1 APPPATH\Views\admindashboard.php(220): CodeIgniter\Debug\Exceptions->errorHandler(2, 'Undefined variable $name', 'C:\\laragon\\www\\ShoeShop\\app\\Views\\admindashboard.php', 220)
 2 SYSTEMPATH\View\View.php(226): include('C:\\laragon\\www\\ShoeShop\\app\\Views\\admindashboard.php')
 3 SYSTEMPATH\View\View.php(229): CodeIgniter\View\View->CodeIgniter\View\{closure}()
 4 SYSTEMPATH\Common.php(1188): CodeIgniter\View\View->render('admindashboard', [], true)
 5 APPPATH\Controllers\AdminController.php(18): view('admindashboard')
 6 SYSTEMPATH\CodeIgniter.php(919): App\Controllers\AdminController->index()
 7 SYSTEMPATH\CodeIgniter.php(494): CodeIgniter\CodeIgniter->runController(Object(App\Controllers\AdminController))
 8 SYSTEMPATH\CodeIgniter.php(353): CodeIgniter\CodeIgniter->handleRequest(null, Object(Config\Cache), false)
 9 FCPATH\index.php(79): CodeIgniter\CodeIgniter->run()
10 SYSTEMPATH\Commands\Server\rewrite.php(47): require_once('C:\\laragon\\www\\ShoeShop\\public\\index.php')
CRITICAL - 2023-09-27 08:51:42 --> Undefined variable $name
in APPPATH\Views\admindashboard.php on line 220.
 1 APPPATH\Views\admindashboard.php(220): CodeIgniter\Debug\Exceptions->errorHandler(2, 'Undefined variable $name', 'C:\\laragon\\www\\ShoeShop\\app\\Views\\admindashboard.php', 220)
 2 SYSTEMPATH\View\View.php(226): include('C:\\laragon\\www\\ShoeShop\\app\\Views\\admindashboard.php')
 3 SYSTEMPATH\View\View.php(229): CodeIgniter\View\View->CodeIgniter\View\{closure}()
 4 SYSTEMPATH\Common.php(1188): CodeIgniter\View\View->render('admindashboard', [], true)
 5 APPPATH\Controllers\AdminController.php(18): view('admindashboard')
 6 SYSTEMPATH\CodeIgniter.php(919): App\Controllers\AdminController->index()
 7 SYSTEMPATH\CodeIgniter.php(494): CodeIgniter\CodeIgniter->runController(Object(App\Controllers\AdminController))
 8 SYSTEMPATH\CodeIgniter.php(353): CodeIgniter\CodeIgniter->handleRequest(null, Object(Config\Cache), false)
 9 FCPATH\index.php(79): CodeIgniter\CodeIgniter->run()
10 SYSTEMPATH\Commands\Server\rewrite.php(47): require_once('C:\\laragon\\www\\ShoeShop\\public\\index.php')
CRITICAL - 2023-09-27 08:51:44 --> Undefined variable $name
in APPPATH\Views\admindashboard.php on line 220.
 1 APPPATH\Views\admindashboard.php(220): CodeIgniter\Debug\Exceptions->errorHandler(2, 'Undefined variable $name', 'C:\\laragon\\www\\ShoeShop\\app\\Views\\admindashboard.php', 220)
 2 SYSTEMPATH\View\View.php(226): include('C:\\laragon\\www\\ShoeShop\\app\\Views\\admindashboard.php')
 3 SYSTEMPATH\View\View.php(229): CodeIgniter\View\View->CodeIgniter\View\{closure}()
 4 SYSTEMPATH\Common.php(1188): CodeIgniter\View\View->render('admindashboard', [], true)
 5 APPPATH\Controllers\AdminController.php(18): view('admindashboard')
 6 SYSTEMPATH\CodeIgniter.php(919): App\Controllers\AdminController->index()
 7 SYSTEMPATH\CodeIgniter.php(494): CodeIgniter\CodeIgniter->runController(Object(App\Controllers\AdminController))
 8 SYSTEMPATH\CodeIgniter.php(353): CodeIgniter\CodeIgniter->handleRequest(null, Object(Config\Cache), false)
 9 FCPATH\index.php(79): CodeIgniter\CodeIgniter->run()
10 SYSTEMPATH\Commands\Server\rewrite.php(47): require_once('C:\\laragon\\www\\ShoeShop\\public\\index.php')
CRITICAL - 2023-09-27 08:55:11 --> Undefined variable $pro
in APPPATH\Views\admindashboard.php on line 298.
 1 APPPATH\Views\admindashboard.php(298): CodeIgniter\Debug\Exceptions->errorHandler(2, 'Undefined variable $pro', 'C:\\laragon\\www\\ShoeShop\\app\\Views\\admindashboard.php', 298)
 2 SYSTEMPATH\View\View.php(226): include('C:\\laragon\\www\\ShoeShop\\app\\Views\\admindashboard.php')
 3 SYSTEMPATH\View\View.php(229): CodeIgniter\View\View->CodeIgniter\View\{closure}()
 4 SYSTEMPATH\Common.php(1188): CodeIgniter\View\View->render('admindashboard', [], true)
 5 APPPATH\Controllers\AdminController.php(20): view('admindashboard', [...])
 6 SYSTEMPATH\CodeIgniter.php(919): App\Controllers\AdminController->index()
 7 SYSTEMPATH\CodeIgniter.php(494): CodeIgniter\CodeIgniter->runController(Object(App\Controllers\AdminController))
 8 SYSTEMPATH\CodeIgniter.php(353): CodeIgniter\CodeIgniter->handleRequest(null, Object(Config\Cache), false)
 9 FCPATH\index.php(79): CodeIgniter\CodeIgniter->run()
10 SYSTEMPATH\Commands\Server\rewrite.php(47): require_once('C:\\laragon\\www\\ShoeShop\\public\\index.php')
CRITICAL - 2023-09-27 08:59:30 --> Undefined variable $pro
in APPPATH\Views\admindashboard.php on line 298.
 1 APPPATH\Views\admindashboard.php(298): CodeIgniter\Debug\Exceptions->errorHandler(2, 'Undefined variable $pro', 'C:\\laragon\\www\\ShoeShop\\app\\Views\\admindashboard.php', 298)
 2 SYSTEMPATH\View\View.php(226): include('C:\\laragon\\www\\ShoeShop\\app\\Views\\admindashboard.php')
 3 SYSTEMPATH\View\View.php(229): CodeIgniter\View\View->CodeIgniter\View\{closure}()
 4 SYSTEMPATH\Common.php(1188): CodeIgniter\View\View->render('admindashboard', [], true)
 5 APPPATH\Controllers\AdminController.php(20): view('admindashboard', [...])
 6 SYSTEMPATH\CodeIgniter.php(919): App\Controllers\AdminController->index()
 7 SYSTEMPATH\CodeIgniter.php(494): CodeIgniter\CodeIgniter->runController(Object(App\Controllers\AdminController))
 8 SYSTEMPATH\CodeIgniter.php(353): CodeIgniter\CodeIgniter->handleRequest(null, Object(Config\Cache), false)
 9 FCPATH\index.php(79): CodeIgniter\CodeIgniter->run()
10 SYSTEMPATH\Commands\Server\rewrite.php(47): require_once('C:\\laragon\\www\\ShoeShop\\public\\index.php')
CRITICAL - 2023-09-27 08:59:36 --> Undefined variable $pro
in APPPATH\Views\admindashboard.php on line 298.
 1 APPPATH\Views\admindashboard.php(298): CodeIgniter\Debug\Exceptions->errorHandler(2, 'Undefined variable $pro', 'C:\\laragon\\www\\ShoeShop\\app\\Views\\admindashboard.php', 298)
 2 SYSTEMPATH\View\View.php(226): include('C:\\laragon\\www\\ShoeShop\\app\\Views\\admindashboard.php')
 3 SYSTEMPATH\View\View.php(229): CodeIgniter\View\View->CodeIgniter\View\{closure}()
 4 SYSTEMPATH\Common.php(1188): CodeIgniter\View\View->render('admindashboard', [], true)
 5 APPPATH\Controllers\AdminController.php(20): view('admindashboard', [...])
 6 SYSTEMPATH\CodeIgniter.php(919): App\Controllers\AdminController->index()
 7 SYSTEMPATH\CodeIgniter.php(494): CodeIgniter\CodeIgniter->runController(Object(App\Controllers\AdminController))
 8 SYSTEMPATH\CodeIgniter.php(353): CodeIgniter\CodeIgniter->handleRequest(null, Object(Config\Cache), false)
 9 FCPATH\index.php(79): CodeIgniter\CodeIgniter->run()
10 SYSTEMPATH\Commands\Server\rewrite.php(47): require_once('C:\\laragon\\www\\ShoeShop\\public\\index.php')
CRITICAL - 2023-09-27 08:59:37 --> Undefined variable $pro
in APPPATH\Views\admindashboard.php on line 298.
 1 APPPATH\Views\admindashboard.php(298): CodeIgniter\Debug\Exceptions->errorHandler(2, 'Undefined variable $pro', 'C:\\laragon\\www\\ShoeShop\\app\\Views\\admindashboard.php', 298)
 2 SYSTEMPATH\View\View.php(226): include('C:\\laragon\\www\\ShoeShop\\app\\Views\\admindashboard.php')
 3 SYSTEMPATH\View\View.php(229): CodeIgniter\View\View->CodeIgniter\View\{closure}()
 4 SYSTEMPATH\Common.php(1188): CodeIgniter\View\View->render('admindashboard', [], true)
 5 APPPATH\Controllers\AdminController.php(20): view('admindashboard', [...])
 6 SYSTEMPATH\CodeIgniter.php(919): App\Controllers\AdminController->index()
 7 SYSTEMPATH\CodeIgniter.php(494): CodeIgniter\CodeIgniter->runController(Object(App\Controllers\AdminController))
 8 SYSTEMPATH\CodeIgniter.php(353): CodeIgniter\CodeIgniter->handleRequest(null, Object(Config\Cache), false)
 9 FCPATH\index.php(79): CodeIgniter\CodeIgniter->run()
10 SYSTEMPATH\Commands\Server\rewrite.php(47): require_once('C:\\laragon\\www\\ShoeShop\\public\\index.php')
CRITICAL - 2023-09-27 08:59:38 --> Undefined variable $pro
in APPPATH\Views\admindashboard.php on line 298.
 1 APPPATH\Views\admindashboard.php(298): CodeIgniter\Debug\Exceptions->errorHandler(2, 'Undefined variable $pro', 'C:\\laragon\\www\\ShoeShop\\app\\Views\\admindashboard.php', 298)
 2 SYSTEMPATH\View\View.php(226): include('C:\\laragon\\www\\ShoeShop\\app\\Views\\admindashboard.php')
 3 SYSTEMPATH\View\View.php(229): CodeIgniter\View\View->CodeIgniter\View\{closure}()
 4 SYSTEMPATH\Common.php(1188): CodeIgniter\View\View->render('admindashboard', [], true)
 5 APPPATH\Controllers\AdminController.php(20): view('admindashboard', [...])
 6 SYSTEMPATH\CodeIgniter.php(919): App\Controllers\AdminController->index()
 7 SYSTEMPATH\CodeIgniter.php(494): CodeIgniter\CodeIgniter->runController(Object(App\Controllers\AdminController))
 8 SYSTEMPATH\CodeIgniter.php(353): CodeIgniter\CodeIgniter->handleRequest(null, Object(Config\Cache), false)
 9 FCPATH\index.php(79): CodeIgniter\CodeIgniter->run()
10 SYSTEMPATH\Commands\Server\rewrite.php(47): require_once('C:\\laragon\\www\\ShoeShop\\public\\index.php')
CRITICAL - 2023-09-27 08:59:44 --> Undefined variable $pro
in APPPATH\Views\admindashboard.php on line 298.
 1 APPPATH\Views\admindashboard.php(298): CodeIgniter\Debug\Exceptions->errorHandler(2, 'Undefined variable $pro', 'C:\\laragon\\www\\ShoeShop\\app\\Views\\admindashboard.php', 298)
 2 SYSTEMPATH\View\View.php(226): include('C:\\laragon\\www\\ShoeShop\\app\\Views\\admindashboard.php')
 3 SYSTEMPATH\View\View.php(229): CodeIgniter\View\View->CodeIgniter\View\{closure}()
 4 SYSTEMPATH\Common.php(1188): CodeIgniter\View\View->render('admindashboard', [], true)
 5 APPPATH\Controllers\AdminController.php(20): view('admindashboard', [...])
 6 SYSTEMPATH\CodeIgniter.php(919): App\Controllers\AdminController->index()
 7 SYSTEMPATH\CodeIgniter.php(494): CodeIgniter\CodeIgniter->runController(Object(App\Controllers\AdminController))
 8 SYSTEMPATH\CodeIgniter.php(353): CodeIgniter\CodeIgniter->handleRequest(null, Object(Config\Cache), false)
 9 FCPATH\index.php(79): CodeIgniter\CodeIgniter->run()
10 SYSTEMPATH\Commands\Server\rewrite.php(47): require_once('C:\\laragon\\www\\ShoeShop\\public\\index.php')
CRITICAL - 2023-09-27 08:59:45 --> Undefined variable $pro
in APPPATH\Views\admindashboard.php on line 298.
 1 APPPATH\Views\admindashboard.php(298): CodeIgniter\Debug\Exceptions->errorHandler(2, 'Undefined variable $pro', 'C:\\laragon\\www\\ShoeShop\\app\\Views\\admindashboard.php', 298)
 2 SYSTEMPATH\View\View.php(226): include('C:\\laragon\\www\\ShoeShop\\app\\Views\\admindashboard.php')
 3 SYSTEMPATH\View\View.php(229): CodeIgniter\View\View->CodeIgniter\View\{closure}()
 4 SYSTEMPATH\Common.php(1188): CodeIgniter\View\View->render('admindashboard', [], true)
 5 APPPATH\Controllers\AdminController.php(20): view('admindashboard', [...])
 6 SYSTEMPATH\CodeIgniter.php(919): App\Controllers\AdminController->index()
 7 SYSTEMPATH\CodeIgniter.php(494): CodeIgniter\CodeIgniter->runController(Object(App\Controllers\AdminController))
 8 SYSTEMPATH\CodeIgniter.php(353): CodeIgniter\CodeIgniter->handleRequest(null, Object(Config\Cache), false)
 9 FCPATH\index.php(79): CodeIgniter\CodeIgniter->run()
10 SYSTEMPATH\Commands\Server\rewrite.php(47): require_once('C:\\laragon\\www\\ShoeShop\\public\\index.php')
CRITICAL - 2023-09-27 09:03:17 --> Undefined variable $pro
in APPPATH\Views\admindashboard.php on line 298.
 1 APPPATH\Views\admindashboard.php(298): CodeIgniter\Debug\Exceptions->errorHandler(2, 'Undefined variable $pro', 'C:\\laragon\\www\\ShoeShop\\app\\Views\\admindashboard.php', 298)
 2 SYSTEMPATH\View\View.php(226): include('C:\\laragon\\www\\ShoeShop\\app\\Views\\admindashboard.php')
 3 SYSTEMPATH\View\View.php(229): CodeIgniter\View\View->CodeIgniter\View\{closure}()
 4 SYSTEMPATH\Common.php(1188): CodeIgniter\View\View->render('admindashboard', [], true)
 5 APPPATH\Controllers\AdminController.php(20): view('admindashboard', [...])
 6 SYSTEMPATH\CodeIgniter.php(919): App\Controllers\AdminController->index()
 7 SYSTEMPATH\CodeIgniter.php(494): CodeIgniter\CodeIgniter->runController(Object(App\Controllers\AdminController))
 8 SYSTEMPATH\CodeIgniter.php(353): CodeIgniter\CodeIgniter->handleRequest(null, Object(Config\Cache), false)
 9 FCPATH\index.php(79): CodeIgniter\CodeIgniter->run()
10 SYSTEMPATH\Commands\Server\rewrite.php(47): require_once('C:\\laragon\\www\\ShoeShop\\public\\index.php')
CRITICAL - 2023-09-27 09:03:19 --> Undefined variable $pro
in APPPATH\Views\admindashboard.php on line 298.
 1 APPPATH\Views\admindashboard.php(298): CodeIgniter\Debug\Exceptions->errorHandler(2, 'Undefined variable $pro', 'C:\\laragon\\www\\ShoeShop\\app\\Views\\admindashboard.php', 298)
 2 SYSTEMPATH\View\View.php(226): include('C:\\laragon\\www\\ShoeShop\\app\\Views\\admindashboard.php')
 3 SYSTEMPATH\View\View.php(229): CodeIgniter\View\View->CodeIgniter\View\{closure}()
 4 SYSTEMPATH\Common.php(1188): CodeIgniter\View\View->render('admindashboard', [], true)
 5 APPPATH\Controllers\AdminController.php(20): view('admindashboard', [...])
 6 SYSTEMPATH\CodeIgniter.php(919): App\Controllers\AdminController->index()
 7 SYSTEMPATH\CodeIgniter.php(494): CodeIgniter\CodeIgniter->runController(Object(App\Controllers\AdminController))
 8 SYSTEMPATH\CodeIgniter.php(353): CodeIgniter\CodeIgniter->handleRequest(null, Object(Config\Cache), false)
 9 FCPATH\index.php(79): CodeIgniter\CodeIgniter->run()
10 SYSTEMPATH\Commands\Server\rewrite.php(47): require_once('C:\\laragon\\www\\ShoeShop\\public\\index.php')
CRITICAL - 2023-09-27 09:03:19 --> Undefined variable $pro
in APPPATH\Views\admindashboard.php on line 298.
 1 APPPATH\Views\admindashboard.php(298): CodeIgniter\Debug\Exceptions->errorHandler(2, 'Undefined variable $pro', 'C:\\laragon\\www\\ShoeShop\\app\\Views\\admindashboard.php', 298)
 2 SYSTEMPATH\View\View.php(226): include('C:\\laragon\\www\\ShoeShop\\app\\Views\\admindashboard.php')
 3 SYSTEMPATH\View\View.php(229): CodeIgniter\View\View->CodeIgniter\View\{closure}()
 4 SYSTEMPATH\Common.php(1188): CodeIgniter\View\View->render('admindashboard', [], true)
 5 APPPATH\Controllers\AdminController.php(20): view('admindashboard', [...])
 6 SYSTEMPATH\CodeIgniter.php(919): App\Controllers\AdminController->index()
 7 SYSTEMPATH\CodeIgniter.php(494): CodeIgniter\CodeIgniter->runController(Object(App\Controllers\AdminController))
 8 SYSTEMPATH\CodeIgniter.php(353): CodeIgniter\CodeIgniter->handleRequest(null, Object(Config\Cache), false)
 9 FCPATH\index.php(79): CodeIgniter\CodeIgniter->run()
10 SYSTEMPATH\Commands\Server\rewrite.php(47): require_once('C:\\laragon\\www\\ShoeShop\\public\\index.php')
CRITICAL - 2023-09-27 09:03:51 --> Undefined variable $pro
in APPPATH\Views\admindashboard.php on line 298.
 1 APPPATH\Views\admindashboard.php(298): CodeIgniter\Debug\Exceptions->errorHandler(2, 'Undefined variable $pro', 'C:\\laragon\\www\\ShoeShop\\app\\Views\\admindashboard.php', 298)
 2 SYSTEMPATH\View\View.php(226): include('C:\\laragon\\www\\ShoeShop\\app\\Views\\admindashboard.php')
 3 SYSTEMPATH\View\View.php(229): CodeIgniter\View\View->CodeIgniter\View\{closure}()
 4 SYSTEMPATH\Common.php(1188): CodeIgniter\View\View->render('admindashboard', [], true)
 5 APPPATH\Controllers\AdminController.php(20): view('admindashboard', [...])
 6 SYSTEMPATH\CodeIgniter.php(919): App\Controllers\AdminController->index()
 7 SYSTEMPATH\CodeIgniter.php(494): CodeIgniter\CodeIgniter->runController(Object(App\Controllers\AdminController))
 8 SYSTEMPATH\CodeIgniter.php(353): CodeIgniter\CodeIgniter->handleRequest(null, Object(Config\Cache), false)
 9 FCPATH\index.php(79): CodeIgniter\CodeIgniter->run()
10 SYSTEMPATH\Commands\Server\rewrite.php(47): require_once('C:\\laragon\\www\\ShoeShop\\public\\index.php')
CRITICAL - 2023-09-27 09:03:52 --> Undefined variable $pro
in APPPATH\Views\admindashboard.php on line 298.
 1 APPPATH\Views\admindashboard.php(298): CodeIgniter\Debug\Exceptions->errorHandler(2, 'Undefined variable $pro', 'C:\\laragon\\www\\ShoeShop\\app\\Views\\admindashboard.php', 298)
 2 SYSTEMPATH\View\View.php(226): include('C:\\laragon\\www\\ShoeShop\\app\\Views\\admindashboard.php')
 3 SYSTEMPATH\View\View.php(229): CodeIgniter\View\View->CodeIgniter\View\{closure}()
 4 SYSTEMPATH\Common.php(1188): CodeIgniter\View\View->render('admindashboard', [], true)
 5 APPPATH\Controllers\AdminController.php(20): view('admindashboard', [...])
 6 SYSTEMPATH\CodeIgniter.php(919): App\Controllers\AdminController->index()
 7 SYSTEMPATH\CodeIgniter.php(494): CodeIgniter\CodeIgniter->runController(Object(App\Controllers\AdminController))
 8 SYSTEMPATH\CodeIgniter.php(353): CodeIgniter\CodeIgniter->handleRequest(null, Object(Config\Cache), false)
 9 FCPATH\index.php(79): CodeIgniter\CodeIgniter->run()
10 SYSTEMPATH\Commands\Server\rewrite.php(47): require_once('C:\\laragon\\www\\ShoeShop\\public\\index.php')
CRITICAL - 2023-09-27 09:07:33 --> Undefined variable $name
in APPPATH\Views\adminProducts.php on line 121.
 1 APPPATH\Views\adminProducts.php(121): CodeIgniter\Debug\Exceptions->errorHandler(2, 'Undefined variable $name', 'C:\\laragon\\www\\ShoeShop\\app\\Views\\adminProducts.php', 121)
 2 SYSTEMPATH\View\View.php(226): include('C:\\laragon\\www\\ShoeShop\\app\\Views\\adminProducts.php')
 3 SYSTEMPATH\View\View.php(229): CodeIgniter\View\View->CodeIgniter\View\{closure}()
 4 SYSTEMPATH\Common.php(1188): CodeIgniter\View\View->render('adminProducts', [], true)
 5 APPPATH\Controllers\AdminController.php(41): view('adminProducts', [...])
 6 SYSTEMPATH\CodeIgniter.php(919): App\Controllers\AdminController->edit('1)')
 7 SYSTEMPATH\CodeIgniter.php(494): CodeIgniter\CodeIgniter->runController(Object(App\Controllers\AdminController))
 8 SYSTEMPATH\CodeIgniter.php(353): CodeIgniter\CodeIgniter->handleRequest(null, Object(Config\Cache), false)
 9 FCPATH\index.php(79): CodeIgniter\CodeIgniter->run()
10 SYSTEMPATH\Commands\Server\rewrite.php(47): require_once('C:\\laragon\\www\\ShoeShop\\public\\index.php')
CRITICAL - 2023-09-27 09:10:05 --> Undefined variable $name
in APPPATH\Views\adminProducts.php on line 121.
 1 APPPATH\Views\adminProducts.php(121): CodeIgniter\Debug\Exceptions->errorHandler(2, 'Undefined variable $name', 'C:\\laragon\\www\\ShoeShop\\app\\Views\\adminProducts.php', 121)
 2 SYSTEMPATH\View\View.php(226): include('C:\\laragon\\www\\ShoeShop\\app\\Views\\adminProducts.php')
 3 SYSTEMPATH\View\View.php(229): CodeIgniter\View\View->CodeIgniter\View\{closure}()
 4 SYSTEMPATH\Common.php(1188): CodeIgniter\View\View->render('adminProducts', [], true)
 5 APPPATH\Controllers\AdminController.php(41): view('adminProducts')
 6 SYSTEMPATH\CodeIgniter.php(919): App\Controllers\AdminController->edit('1)')
 7 SYSTEMPATH\CodeIgniter.php(494): CodeIgniter\CodeIgniter->runController(Object(App\Controllers\AdminController))
 8 SYSTEMPATH\CodeIgniter.php(353): CodeIgniter\CodeIgniter->handleRequest(null, Object(Config\Cache), false)
 9 FCPATH\index.php(79): CodeIgniter\CodeIgniter->run()
10 SYSTEMPATH\Commands\Server\rewrite.php(47): require_once('C:\\laragon\\www\\ShoeShop\\public\\index.php')
CRITICAL - 2023-09-27 09:11:32 --> Invalid file: "/.php"
in SYSTEMPATH\Exceptions\FrameworkException.php on line 39.
 1 SYSTEMPATH\View\View.php(214): CodeIgniter\Exceptions\FrameworkException::forInvalidFile('/.php')
 2 SYSTEMPATH\Common.php(1188): CodeIgniter\View\View->render('/', [], true)
 3 APPPATH\Controllers\AdminController.php(41): view('/')
 4 SYSTEMPATH\CodeIgniter.php(919): App\Controllers\AdminController->edit('1)')
 5 SYSTEMPATH\CodeIgniter.php(494): CodeIgniter\CodeIgniter->runController(Object(App\Controllers\AdminController))
 6 SYSTEMPATH\CodeIgniter.php(353): CodeIgniter\CodeIgniter->handleRequest(null, Object(Config\Cache), false)
 7 FCPATH\index.php(79): CodeIgniter\CodeIgniter->run()
 8 SYSTEMPATH\Commands\Server\rewrite.php(47): require_once('C:\\laragon\\www\\ShoeShop\\public\\index.php')
CRITICAL - 2023-09-27 09:11:53 --> Undefined variable $name
in APPPATH\Views\admindashboard.php on line 220.
 1 APPPATH\Views\admindashboard.php(220): CodeIgniter\Debug\Exceptions->errorHandler(2, 'Undefined variable $name', 'C:\\laragon\\www\\ShoeShop\\app\\Views\\admindashboard.php', 220)
 2 SYSTEMPATH\View\View.php(226): include('C:\\laragon\\www\\ShoeShop\\app\\Views\\admindashboard.php')
 3 SYSTEMPATH\View\View.php(229): CodeIgniter\View\View->CodeIgniter\View\{closure}()
 4 SYSTEMPATH\Common.php(1188): CodeIgniter\View\View->render('admindashboard', [], true)
 5 APPPATH\Controllers\AdminController.php(41): view('admindashboard')
 6 SYSTEMPATH\CodeIgniter.php(919): App\Controllers\AdminController->edit('1)')
 7 SYSTEMPATH\CodeIgniter.php(494): CodeIgniter\CodeIgniter->runController(Object(App\Controllers\AdminController))
 8 SYSTEMPATH\CodeIgniter.php(353): CodeIgniter\CodeIgniter->handleRequest(null, Object(Config\Cache), false)
 9 FCPATH\index.php(79): CodeIgniter\CodeIgniter->run()
10 SYSTEMPATH\Commands\Server\rewrite.php(47): require_once('C:\\laragon\\www\\ShoeShop\\public\\index.php')
CRITICAL - 2023-09-27 09:12:26 --> Undefined variable $name
in APPPATH\Views\admindashboard.php on line 220.
 1 APPPATH\Views\admindashboard.php(220): CodeIgniter\Debug\Exceptions->errorHandler(2, 'Undefined variable $name', 'C:\\laragon\\www\\ShoeShop\\app\\Views\\admindashboard.php', 220)
 2 SYSTEMPATH\View\View.php(226): include('C:\\laragon\\www\\ShoeShop\\app\\Views\\admindashboard.php')
 3 SYSTEMPATH\View\View.php(229): CodeIgniter\View\View->CodeIgniter\View\{closure}()
 4 SYSTEMPATH\Common.php(1188): CodeIgniter\View\View->render('admindashboard', [], true)
 5 APPPATH\Controllers\AdminController.php(41): view('admindashboard')
 6 SYSTEMPATH\CodeIgniter.php(919): App\Controllers\AdminController->edit('1)')
 7 SYSTEMPATH\CodeIgniter.php(494): CodeIgniter\CodeIgniter->runController(Object(App\Controllers\AdminController))
 8 SYSTEMPATH\CodeIgniter.php(353): CodeIgniter\CodeIgniter->handleRequest(null, Object(Config\Cache), false)
 9 FCPATH\index.php(79): CodeIgniter\CodeIgniter->run()
10 SYSTEMPATH\Commands\Server\rewrite.php(47): require_once('C:\\laragon\\www\\ShoeShop\\public\\index.php')
CRITICAL - 2023-09-27 09:15:25 --> Undefined variable $name
in APPPATH\Views\adminProducts.php on line 121.
 1 APPPATH\Views\adminProducts.php(121): CodeIgniter\Debug\Exceptions->errorHandler(2, 'Undefined variable $name', 'C:\\laragon\\www\\ShoeShop\\app\\Views\\adminProducts.php', 121)
 2 SYSTEMPATH\View\View.php(226): include('C:\\laragon\\www\\ShoeShop\\app\\Views\\adminProducts.php')
 3 SYSTEMPATH\View\View.php(229): CodeIgniter\View\View->CodeIgniter\View\{closure}()
 4 SYSTEMPATH\Common.php(1188): CodeIgniter\View\View->render('adminProducts', [], true)
 5 APPPATH\Controllers\AdminController.php(41): view('adminProducts', [...])
 6 SYSTEMPATH\CodeIgniter.php(919): App\Controllers\AdminController->edit('1)')
 7 SYSTEMPATH\CodeIgniter.php(494): CodeIgniter\CodeIgniter->runController(Object(App\Controllers\AdminController))
 8 SYSTEMPATH\CodeIgniter.php(353): CodeIgniter\CodeIgniter->handleRequest(null, Object(Config\Cache), false)
 9 FCPATH\index.php(79): CodeIgniter\CodeIgniter->run()
10 SYSTEMPATH\Commands\Server\rewrite.php(47): require_once('C:\\laragon\\www\\ShoeShop\\public\\index.php')
CRITICAL - 2023-09-27 09:15:31 --> Undefined variable $name
in APPPATH\Views\adminProducts.php on line 121.
 1 APPPATH\Views\adminProducts.php(121): CodeIgniter\Debug\Exceptions->errorHandler(2, 'Undefined variable $name', 'C:\\laragon\\www\\ShoeShop\\app\\Views\\adminProducts.php', 121)
 2 SYSTEMPATH\View\View.php(226): include('C:\\laragon\\www\\ShoeShop\\app\\Views\\adminProducts.php')
 3 SYSTEMPATH\View\View.php(229): CodeIgniter\View\View->CodeIgniter\View\{closure}()
 4 SYSTEMPATH\Common.php(1188): CodeIgniter\View\View->render('adminProducts', [], true)
 5 APPPATH\Controllers\AdminController.php(41): view('adminProducts', [...])
 6 SYSTEMPATH\CodeIgniter.php(919): App\Controllers\AdminController->edit('1)')
 7 SYSTEMPATH\CodeIgniter.php(494): CodeIgniter\CodeIgniter->runController(Object(App\Controllers\AdminController))
 8 SYSTEMPATH\CodeIgniter.php(353): CodeIgniter\CodeIgniter->handleRequest(null, Object(Config\Cache), false)
 9 FCPATH\index.php(79): CodeIgniter\CodeIgniter->run()
10 SYSTEMPATH\Commands\Server\rewrite.php(47): require_once('C:\\laragon\\www\\ShoeShop\\public\\index.php')
CRITICAL - 2023-09-27 09:16:55 --> Undefined variable $name
in APPPATH\Views\adminProducts.php on line 121.
 1 APPPATH\Views\adminProducts.php(121): CodeIgniter\Debug\Exceptions->errorHandler(2, 'Undefined variable $name', 'C:\\laragon\\www\\ShoeShop\\app\\Views\\adminProducts.php', 121)
 2 SYSTEMPATH\View\View.php(226): include('C:\\laragon\\www\\ShoeShop\\app\\Views\\adminProducts.php')
 3 SYSTEMPATH\View\View.php(229): CodeIgniter\View\View->CodeIgniter\View\{closure}()
 4 SYSTEMPATH\Common.php(1188): CodeIgniter\View\View->render('adminProducts', [], true)
 5 APPPATH\Controllers\AdminController.php(43): view('adminProducts', [...])
 6 SYSTEMPATH\CodeIgniter.php(919): App\Controllers\AdminController->edit('1)')
 7 SYSTEMPATH\CodeIgniter.php(494): CodeIgniter\CodeIgniter->runController(Object(App\Controllers\AdminController))
 8 SYSTEMPATH\CodeIgniter.php(353): CodeIgniter\CodeIgniter->handleRequest(null, Object(Config\Cache), false)
 9 FCPATH\index.php(79): CodeIgniter\CodeIgniter->run()
10 SYSTEMPATH\Commands\Server\rewrite.php(47): require_once('C:\\laragon\\www\\ShoeShop\\public\\index.php')
CRITICAL - 2023-09-27 09:16:58 --> Undefined variable $name
in APPPATH\Views\adminProducts.php on line 121.
 1 APPPATH\Views\adminProducts.php(121): CodeIgniter\Debug\Exceptions->errorHandler(2, 'Undefined variable $name', 'C:\\laragon\\www\\ShoeShop\\app\\Views\\adminProducts.php', 121)
 2 SYSTEMPATH\View\View.php(226): include('C:\\laragon\\www\\ShoeShop\\app\\Views\\adminProducts.php')
 3 SYSTEMPATH\View\View.php(229): CodeIgniter\View\View->CodeIgniter\View\{closure}()
 4 SYSTEMPATH\Common.php(1188): CodeIgniter\View\View->render('adminProducts', [], true)
 5 APPPATH\Controllers\AdminController.php(43): view('adminProducts', [...])
 6 SYSTEMPATH\CodeIgniter.php(919): App\Controllers\AdminController->edit('1)')
 7 SYSTEMPATH\CodeIgniter.php(494): CodeIgniter\CodeIgniter->runController(Object(App\Controllers\AdminController))
 8 SYSTEMPATH\CodeIgniter.php(353): CodeIgniter\CodeIgniter->handleRequest(null, Object(Config\Cache), false)
 9 FCPATH\index.php(79): CodeIgniter\CodeIgniter->run()
10 SYSTEMPATH\Commands\Server\rewrite.php(47): require_once('C:\\laragon\\www\\ShoeShop\\public\\index.php')
CRITICAL - 2023-09-27 09:17:04 --> Undefined variable $name
in APPPATH\Views\adminProducts.php on line 121.
 1 APPPATH\Views\adminProducts.php(121): CodeIgniter\Debug\Exceptions->errorHandler(2, 'Undefined variable $name', 'C:\\laragon\\www\\ShoeShop\\app\\Views\\adminProducts.php', 121)
 2 SYSTEMPATH\View\View.php(226): include('C:\\laragon\\www\\ShoeShop\\app\\Views\\adminProducts.php')
 3 SYSTEMPATH\View\View.php(229): CodeIgniter\View\View->CodeIgniter\View\{closure}()
 4 SYSTEMPATH\Common.php(1188): CodeIgniter\View\View->render('adminProducts', [], true)
 5 APPPATH\Controllers\AdminController.php(43): view('adminProducts', [...])
 6 SYSTEMPATH\CodeIgniter.php(919): App\Controllers\AdminController->edit('1)')
 7 SYSTEMPATH\CodeIgniter.php(494): CodeIgniter\CodeIgniter->runController(Object(App\Controllers\AdminController))
 8 SYSTEMPATH\CodeIgniter.php(353): CodeIgniter\CodeIgniter->handleRequest(null, Object(Config\Cache), false)
 9 FCPATH\index.php(79): CodeIgniter\CodeIgniter->run()
10 SYSTEMPATH\Commands\Server\rewrite.php(47): require_once('C:\\laragon\\www\\ShoeShop\\public\\index.php')
CRITICAL - 2023-09-27 09:17:13 --> Undefined variable $name
in APPPATH\Views\adminProducts.php on line 121.
 1 APPPATH\Views\adminProducts.php(121): CodeIgniter\Debug\Exceptions->errorHandler(2, 'Undefined variable $name', 'C:\\laragon\\www\\ShoeShop\\app\\Views\\adminProducts.php', 121)
 2 SYSTEMPATH\View\View.php(226): include('C:\\laragon\\www\\ShoeShop\\app\\Views\\adminProducts.php')
 3 SYSTEMPATH\View\View.php(229): CodeIgniter\View\View->CodeIgniter\View\{closure}()
 4 SYSTEMPATH\Common.php(1188): CodeIgniter\View\View->render('adminProducts', [], true)
 5 APPPATH\Controllers\AdminController.php(43): view('adminProducts', [...])
 6 SYSTEMPATH\CodeIgniter.php(919): App\Controllers\AdminController->edit('1)')
 7 SYSTEMPATH\CodeIgniter.php(494): CodeIgniter\CodeIgniter->runController(Object(App\Controllers\AdminController))
 8 SYSTEMPATH\CodeIgniter.php(353): CodeIgniter\CodeIgniter->handleRequest(null, Object(Config\Cache), false)
 9 FCPATH\index.php(79): CodeIgniter\CodeIgniter->run()
10 SYSTEMPATH\Commands\Server\rewrite.php(47): require_once('C:\\laragon\\www\\ShoeShop\\public\\index.php')
CRITICAL - 2023-09-27 09:17:53 --> Undefined variable $name
in APPPATH\Views\adminProducts.php on line 121.
 1 APPPATH\Views\adminProducts.php(121): CodeIgniter\Debug\Exceptions->errorHandler(2, 'Undefined variable $name', 'C:\\laragon\\www\\ShoeShop\\app\\Views\\adminProducts.php', 121)
 2 SYSTEMPATH\View\View.php(226): include('C:\\laragon\\www\\ShoeShop\\app\\Views\\adminProducts.php')
 3 SYSTEMPATH\View\View.php(229): CodeIgniter\View\View->CodeIgniter\View\{closure}()
 4 SYSTEMPATH\Common.php(1188): CodeIgniter\View\View->render('adminProducts', [], true)
 5 APPPATH\Controllers\AdminController.php(43): view('adminProducts', [...])
 6 SYSTEMPATH\CodeIgniter.php(919): App\Controllers\AdminController->edit('1)')
 7 SYSTEMPATH\CodeIgniter.php(494): CodeIgniter\CodeIgniter->runController(Object(App\Controllers\AdminController))
 8 SYSTEMPATH\CodeIgniter.php(353): CodeIgniter\CodeIgniter->handleRequest(null, Object(Config\Cache), false)
 9 FCPATH\index.php(79): CodeIgniter\CodeIgniter->run()
10 SYSTEMPATH\Commands\Server\rewrite.php(47): require_once('C:\\laragon\\www\\ShoeShop\\public\\index.php')
CRITICAL - 2023-09-27 09:18:02 --> Undefined variable $name
in APPPATH\Views\adminProducts.php on line 121.
 1 APPPATH\Views\adminProducts.php(121): CodeIgniter\Debug\Exceptions->errorHandler(2, 'Undefined variable $name', 'C:\\laragon\\www\\ShoeShop\\app\\Views\\adminProducts.php', 121)
 2 SYSTEMPATH\View\View.php(226): include('C:\\laragon\\www\\ShoeShop\\app\\Views\\adminProducts.php')
 3 SYSTEMPATH\View\View.php(229): CodeIgniter\View\View->CodeIgniter\View\{closure}()
 4 SYSTEMPATH\Common.php(1188): CodeIgniter\View\View->render('adminProducts', [], true)
 5 APPPATH\Controllers\AdminController.php(43): view('adminProducts', [...])
 6 SYSTEMPATH\CodeIgniter.php(919): App\Controllers\AdminController->edit('1)')
 7 SYSTEMPATH\CodeIgniter.php(494): CodeIgniter\CodeIgniter->runController(Object(App\Controllers\AdminController))
 8 SYSTEMPATH\CodeIgniter.php(353): CodeIgniter\CodeIgniter->handleRequest(null, Object(Config\Cache), false)
 9 FCPATH\index.php(79): CodeIgniter\CodeIgniter->run()
10 SYSTEMPATH\Commands\Server\rewrite.php(47): require_once('C:\\laragon\\www\\ShoeShop\\public\\index.php')
CRITICAL - 2023-09-27 09:18:50 --> Cannot access offset of type string on string
in APPPATH\Views\adminProducts.php on line 153.
 1 SYSTEMPATH\View\View.php(226): include()
 2 SYSTEMPATH\View\View.php(229): CodeIgniter\View\View->CodeIgniter\View\{closure}()
 3 SYSTEMPATH\Common.php(1188): CodeIgniter\View\View->render('adminProducts', [], true)
 4 APPPATH\Controllers\AdminController.php(43): view('adminProducts', [...])
 5 SYSTEMPATH\CodeIgniter.php(919): App\Controllers\AdminController->edit('1)')
 6 SYSTEMPATH\CodeIgniter.php(494): CodeIgniter\CodeIgniter->runController(Object(App\Controllers\AdminController))
 7 SYSTEMPATH\CodeIgniter.php(353): CodeIgniter\CodeIgniter->handleRequest(null, Object(Config\Cache), false)
 8 FCPATH\index.php(79): CodeIgniter\CodeIgniter->run()
 9 SYSTEMPATH\Commands\Server\rewrite.php(47): require_once('C:\\laragon\\www\\ShoeShop\\public\\index.php')
CRITICAL - 2023-09-27 09:28:42 --> Undefined array key "id"
in APPPATH\Controllers\AdminController.php on line 24.
 1 APPPATH\Controllers\AdminController.php(24): CodeIgniter\Debug\Exceptions->errorHandler(2, 'Undefined array key "id"', 'C:\\laragon\\www\\ShoeShop\\app\\Controllers\\AdminController.php', 24)
 2 SYSTEMPATH\CodeIgniter.php(919): App\Controllers\AdminController->save()
 3 SYSTEMPATH\CodeIgniter.php(494): CodeIgniter\CodeIgniter->runController(Object(App\Controllers\AdminController))
 4 SYSTEMPATH\CodeIgniter.php(353): CodeIgniter\CodeIgniter->handleRequest(null, Object(Config\Cache), false)
 5 FCPATH\index.php(79): CodeIgniter\CodeIgniter->run()
 6 SYSTEMPATH\Commands\Server\rewrite.php(47): require_once('C:\\laragon\\www\\ShoeShop\\public\\index.php')
CRITICAL - 2023-09-27 09:29:00 --> Undefined array key "productsId"
in APPPATH\Controllers\AdminController.php on line 24.
 1 APPPATH\Controllers\AdminController.php(24): CodeIgniter\Debug\Exceptions->errorHandler(2, 'Undefined array key "productsId"', 'C:\\laragon\\www\\ShoeShop\\app\\Controllers\\AdminController.php', 24)
 2 SYSTEMPATH\CodeIgniter.php(919): App\Controllers\AdminController->save()
 3 SYSTEMPATH\CodeIgniter.php(494): CodeIgniter\CodeIgniter->runController(Object(App\Controllers\AdminController))
 4 SYSTEMPATH\CodeIgniter.php(353): CodeIgniter\CodeIgniter->handleRequest(null, Object(Config\Cache), false)
 5 FCPATH\index.php(79): CodeIgniter\CodeIgniter->run()
 6 SYSTEMPATH\Commands\Server\rewrite.php(47): require_once('C:\\laragon\\www\\ShoeShop\\public\\index.php')
CRITICAL - 2023-09-27 09:29:24 --> Undefined array key "productsId"
in APPPATH\Controllers\AdminController.php on line 24.
 1 APPPATH\Controllers\AdminController.php(24): CodeIgniter\Debug\Exceptions->errorHandler(2, 'Undefined array key "productsId"', 'C:\\laragon\\www\\ShoeShop\\app\\Controllers\\AdminController.php', 24)
 2 SYSTEMPATH\CodeIgniter.php(919): App\Controllers\AdminController->save()
 3 SYSTEMPATH\CodeIgniter.php(494): CodeIgniter\CodeIgniter->runController(Object(App\Controllers\AdminController))
 4 SYSTEMPATH\CodeIgniter.php(353): CodeIgniter\CodeIgniter->handleRequest(null, Object(Config\Cache), false)
 5 FCPATH\index.php(79): CodeIgniter\CodeIgniter->run()
 6 SYSTEMPATH\Commands\Server\rewrite.php(47): require_once('C:\\laragon\\www\\ShoeShop\\public\\index.php')
CRITICAL - 2023-09-27 09:29:28 --> Undefined array key "productsId"
in APPPATH\Controllers\AdminController.php on line 24.
 1 APPPATH\Controllers\AdminController.php(24): CodeIgniter\Debug\Exceptions->errorHandler(2, 'Undefined array key "productsId"', 'C:\\laragon\\www\\ShoeShop\\app\\Controllers\\AdminController.php', 24)
 2 SYSTEMPATH\CodeIgniter.php(919): App\Controllers\AdminController->save()
 3 SYSTEMPATH\CodeIgniter.php(494): CodeIgniter\CodeIgniter->runController(Object(App\Controllers\AdminController))
 4 SYSTEMPATH\CodeIgniter.php(353): CodeIgniter\CodeIgniter->handleRequest(null, Object(Config\Cache), false)
 5 FCPATH\index.php(79): CodeIgniter\CodeIgniter->run()
 6 SYSTEMPATH\Commands\Server\rewrite.php(47): require_once('C:\\laragon\\www\\ShoeShop\\public\\index.php')
CRITICAL - 2023-09-27 09:32:46 --> Undefined array key "productsId"
in APPPATH\Controllers\AdminController.php on line 24.
 1 APPPATH\Controllers\AdminController.php(24): CodeIgniter\Debug\Exceptions->errorHandler(2, 'Undefined array key "productsId"', 'C:\\laragon\\www\\ShoeShop\\app\\Controllers\\AdminController.php', 24)
 2 SYSTEMPATH\CodeIgniter.php(919): App\Controllers\AdminController->save()
 3 SYSTEMPATH\CodeIgniter.php(494): CodeIgniter\CodeIgniter->runController(Object(App\Controllers\AdminController))
 4 SYSTEMPATH\CodeIgniter.php(353): CodeIgniter\CodeIgniter->handleRequest(null, Object(Config\Cache), false)
 5 FCPATH\index.php(79): CodeIgniter\CodeIgniter->run()
 6 SYSTEMPATH\Commands\Server\rewrite.php(47): require_once('C:\\laragon\\www\\ShoeShop\\public\\index.php')
CRITICAL - 2023-09-27 09:33:01 --> Undefined property: App\Controllers\AdminController::$main
in APPPATH\Controllers\AdminController.php on line 33.
 1 APPPATH\Controllers\AdminController.php(33): CodeIgniter\Debug\Exceptions->errorHandler(2, 'Undefined property: App\\Controllers\\AdminController::$main', 'C:\\laragon\\www\\ShoeShop\\app\\Controllers\\AdminController.php', 33)
 2 SYSTEMPATH\CodeIgniter.php(919): App\Controllers\AdminController->save()
 3 SYSTEMPATH\CodeIgniter.php(494): CodeIgniter\CodeIgniter->runController(Object(App\Controllers\AdminController))
 4 SYSTEMPATH\CodeIgniter.php(353): CodeIgniter\CodeIgniter->handleRequest(null, Object(Config\Cache), false)
 5 FCPATH\index.php(79): CodeIgniter\CodeIgniter->run()
 6 SYSTEMPATH\Commands\Server\rewrite.php(47): require_once('C:\\laragon\\www\\ShoeShop\\public\\index.php')
CRITICAL - 2023-09-27 09:33:25 --> Undefined property: App\Controllers\AdminController::$main
in APPPATH\Controllers\AdminController.php on line 33.
 1 APPPATH\Controllers\AdminController.php(33): CodeIgniter\Debug\Exceptions->errorHandler(2, 'Undefined property: App\\Controllers\\AdminController::$main', 'C:\\laragon\\www\\ShoeShop\\app\\Controllers\\AdminController.php', 33)
 2 SYSTEMPATH\CodeIgniter.php(919): App\Controllers\AdminController->save()
 3 SYSTEMPATH\CodeIgniter.php(494): CodeIgniter\CodeIgniter->runController(Object(App\Controllers\AdminController))
 4 SYSTEMPATH\CodeIgniter.php(353): CodeIgniter\CodeIgniter->handleRequest(null, Object(Config\Cache), false)
 5 FCPATH\index.php(79): CodeIgniter\CodeIgniter->run()
 6 SYSTEMPATH\Commands\Server\rewrite.php(47): require_once('C:\\laragon\\www\\ShoeShop\\public\\index.php')
ERROR - 2023-09-27 09:33:48 --> mysqli_sql_exception: Unknown column 'productId' in 'where clause' in C:\laragon\www\ShoeShop\system\Database\MySQLi\Connection.php:306
Stack trace:
#0 C:\laragon\www\ShoeShop\system\Database\MySQLi\Connection.php(306): mysqli->query('UPDATE `tbl_pro...', 0)
#1 C:\laragon\www\ShoeShop\system\Database\BaseConnection.php(692): CodeIgniter\Database\MySQLi\Connection->execute('UPDATE `tbl_pro...')
#2 C:\laragon\www\ShoeShop\system\Database\BaseConnection.php(606): CodeIgniter\Database\BaseConnection->simpleQuery('UPDATE `tbl_pro...')
#3 C:\laragon\www\ShoeShop\system\Database\BaseBuilder.php(2475): CodeIgniter\Database\BaseConnection->query('UPDATE `tbl_pro...', Array, false)
#4 C:\laragon\www\ShoeShop\system\Model.php(385): CodeIgniter\Database\BaseBuilder->update()
#5 C:\laragon\www\ShoeShop\system\BaseModel.php(949): CodeIgniter\Model->doUpdate(NULL, Array)
#6 C:\laragon\www\ShoeShop\system\Model.php(776): CodeIgniter\BaseModel->update(NULL, Array)
#7 C:\laragon\www\ShoeShop\app\Controllers\AdminController.php(33): CodeIgniter\Model->update()
#8 C:\laragon\www\ShoeShop\system\CodeIgniter.php(919): App\Controllers\AdminController->save()
#9 C:\laragon\www\ShoeShop\system\CodeIgniter.php(494): CodeIgniter\CodeIgniter->runController(Object(App\Controllers\AdminController))
#10 C:\laragon\www\ShoeShop\system\CodeIgniter.php(353): CodeIgniter\CodeIgniter->handleRequest(NULL, Object(Config\Cache), false)
#11 C:\laragon\www\ShoeShop\public\index.php(79): CodeIgniter\CodeIgniter->run()
#12 C:\laragon\www\ShoeShop\system\Commands\Server\rewrite.php(47): require_once('C:\\laragon\\www\\...')
#13 {main}
CRITICAL - 2023-09-27 09:33:48 --> Unknown column 'productId' in 'where clause'
in SYSTEMPATH\Database\BaseConnection.php on line 646.
 1 SYSTEMPATH\Database\BaseBuilder.php(2475): CodeIgniter\Database\BaseConnection->query('UPDATE `tbl_products` SET `productsName` = :productsName:, `productsImg` = :productsImg:, `productsPrice` = :productsPrice:, `productsStar` = :productsStar:
WHERE `productId` = :productId:', [...], false)
 2 SYSTEMPATH\Model.php(385): CodeIgniter\Database\BaseBuilder->update()
 3 SYSTEMPATH\BaseModel.php(949): CodeIgniter\Model->doUpdate(null, [...])
 4 SYSTEMPATH\Model.php(776): CodeIgniter\BaseModel->update(null, [...])
 5 APPPATH\Controllers\AdminController.php(33): CodeIgniter\Model->update()
 6 SYSTEMPATH\CodeIgniter.php(919): App\Controllers\AdminController->save()
 7 SYSTEMPATH\CodeIgniter.php(494): CodeIgniter\CodeIgniter->runController(Object(App\Controllers\AdminController))
 8 SYSTEMPATH\CodeIgniter.php(353): CodeIgniter\CodeIgniter->handleRequest(null, Object(Config\Cache), false)
 9 FCPATH\index.php(79): CodeIgniter\CodeIgniter->run()
10 SYSTEMPATH\Commands\Server\rewrite.php(47): require_once('C:\\laragon\\www\\ShoeShop\\public\\index.php')
CRITICAL - 2023-09-27 11:20:10 --> Trying to access array offset on value of type null
in APPPATH\Views\adminProducts.php on line 152.
 1 APPPATH\Views\adminProducts.php(152): CodeIgniter\Debug\Exceptions->errorHandler(2, 'Trying to access array offset on value of type null', 'C:\\laragon\\www\\ShoeShop\\app\\Views\\adminProducts.php', 152)
 2 SYSTEMPATH\View\View.php(226): include('C:\\laragon\\www\\ShoeShop\\app\\Views\\adminProducts.php')
 3 SYSTEMPATH\View\View.php(229): CodeIgniter\View\View->CodeIgniter\View\{closure}()
 4 SYSTEMPATH\Common.php(1188): CodeIgniter\View\View->render('adminProducts', [], true)
 5 APPPATH\Controllers\AdminController.php(48): view('adminProducts', [...])
 6 SYSTEMPATH\CodeIgniter.php(919): App\Controllers\AdminController->edit('1)')
 7 SYSTEMPATH\CodeIgniter.php(494): CodeIgniter\CodeIgniter->runController(Object(App\Controllers\AdminController))
 8 SYSTEMPATH\CodeIgniter.php(353): CodeIgniter\CodeIgniter->handleRequest(null, Object(Config\Cache), false)
 9 FCPATH\index.php(79): CodeIgniter\CodeIgniter->run()
10 SYSTEMPATH\Commands\Server\rewrite.php(47): require_once('C:\\laragon\\www\\ShoeShop\\public\\index.php')
CRITICAL - 2023-09-27 11:20:10 --> Trying to access array offset on value of type null
in APPPATH\Views\adminProducts.php on line 152.
 1 APPPATH\Views\adminProducts.php(152): CodeIgniter\Debug\Exceptions->errorHandler(2, 'Trying to access array offset on value of type null', 'C:\\laragon\\www\\ShoeShop\\app\\Views\\adminProducts.php', 152)
 2 SYSTEMPATH\View\View.php(226): include('C:\\laragon\\www\\ShoeShop\\app\\Views\\adminProducts.php')
 3 SYSTEMPATH\View\View.php(229): CodeIgniter\View\View->CodeIgniter\View\{closure}()
 4 SYSTEMPATH\Common.php(1188): CodeIgniter\View\View->render('adminProducts', [], true)
 5 APPPATH\Controllers\AdminController.php(48): view('adminProducts', [...])
 6 SYSTEMPATH\CodeIgniter.php(919): App\Controllers\AdminController->edit('1)')
 7 SYSTEMPATH\CodeIgniter.php(494): CodeIgniter\CodeIgniter->runController(Object(App\Controllers\AdminController))
 8 SYSTEMPATH\CodeIgniter.php(353): CodeIgniter\CodeIgniter->handleRequest(null, Object(Config\Cache), false)
 9 FCPATH\index.php(79): CodeIgniter\CodeIgniter->run()
10 SYSTEMPATH\Commands\Server\rewrite.php(47): require_once('C:\\laragon\\www\\ShoeShop\\public\\index.php')
CRITICAL - 2023-09-27 11:33:09 --> Trying to access array offset on value of type null
in APPPATH\Views\adminProducts.php on line 152.
 1 APPPATH\Views\adminProducts.php(152): CodeIgniter\Debug\Exceptions->errorHandler(2, 'Trying to access array offset on value of type null', 'C:\\laragon\\www\\ShoeShop\\app\\Views\\adminProducts.php', 152)
 2 SYSTEMPATH\View\View.php(226): include('C:\\laragon\\www\\ShoeShop\\app\\Views\\adminProducts.php')
 3 SYSTEMPATH\View\View.php(229): CodeIgniter\View\View->CodeIgniter\View\{closure}()
 4 SYSTEMPATH\Common.php(1188): CodeIgniter\View\View->render('adminProducts', [], true)
 5 APPPATH\Controllers\AdminController.php(49): view('adminProducts', [...])
 6 SYSTEMPATH\CodeIgniter.php(919): App\Controllers\AdminController->edit('1)')
 7 SYSTEMPATH\CodeIgniter.php(494): CodeIgniter\CodeIgniter->runController(Object(App\Controllers\AdminController))
 8 SYSTEMPATH\CodeIgniter.php(353): CodeIgniter\CodeIgniter->handleRequest(null, Object(Config\Cache), false)
 9 FCPATH\index.php(79): CodeIgniter\CodeIgniter->run()
10 SYSTEMPATH\Commands\Server\rewrite.php(47): require_once('C:\\laragon\\www\\ShoeShop\\public\\index.php')
CRITICAL - 2023-09-27 11:35:33 --> Trying to access array offset on value of type null
in APPPATH\Views\adminProducts.php on line 152.
 1 APPPATH\Views\adminProducts.php(152): CodeIgniter\Debug\Exceptions->errorHandler(2, 'Trying to access array offset on value of type null', 'C:\\laragon\\www\\ShoeShop\\app\\Views\\adminProducts.php', 152)
 2 SYSTEMPATH\View\View.php(226): include('C:\\laragon\\www\\ShoeShop\\app\\Views\\adminProducts.php')
 3 SYSTEMPATH\View\View.php(229): CodeIgniter\View\View->CodeIgniter\View\{closure}()
 4 SYSTEMPATH\Common.php(1188): CodeIgniter\View\View->render('adminProducts', [], true)
 5 APPPATH\Controllers\AdminController.php(49): view('adminProducts', [...])
 6 SYSTEMPATH\CodeIgniter.php(919): App\Controllers\AdminController->edit('1)')
 7 SYSTEMPATH\CodeIgniter.php(494): CodeIgniter\CodeIgniter->runController(Object(App\Controllers\AdminController))
 8 SYSTEMPATH\CodeIgniter.php(353): CodeIgniter\CodeIgniter->handleRequest(null, Object(Config\Cache), false)
 9 FCPATH\index.php(79): CodeIgniter\CodeIgniter->run()
10 SYSTEMPATH\Commands\Server\rewrite.php(47): require_once('C:\\laragon\\www\\ShoeShop\\public\\index.php')
CRITICAL - 2023-09-27 11:52:11 --> Undefined variable $name
in APPPATH\Views\adminProducts.php on line 121.
 1 APPPATH\Views\adminProducts.php(121): CodeIgniter\Debug\Exceptions->errorHandler(2, 'Undefined variable $name', 'C:\\laragon\\www\\ShoeShop\\app\\Views\\adminProducts.php', 121)
 2 SYSTEMPATH\View\View.php(226): include('C:\\laragon\\www\\ShoeShop\\app\\Views\\adminProducts.php')
 3 SYSTEMPATH\View\View.php(229): CodeIgniter\View\View->CodeIgniter\View\{closure}()
 4 SYSTEMPATH\Common.php(1188): CodeIgniter\View\View->render('adminProducts', [], true)
 5 APPPATH\Controllers\AdminController.php(38): view('adminProducts')
 6 SYSTEMPATH\CodeIgniter.php(919): App\Controllers\AdminController->save()
 7 SYSTEMPATH\CodeIgniter.php(494): CodeIgniter\CodeIgniter->runController(Object(App\Controllers\AdminController))
 8 SYSTEMPATH\CodeIgniter.php(353): CodeIgniter\CodeIgniter->handleRequest(null, Object(Config\Cache), false)
 9 FCPATH\index.php(79): CodeIgniter\CodeIgniter->run()
10 SYSTEMPATH\Commands\Server\rewrite.php(47): require_once('C:\\laragon\\www\\ShoeShop\\public\\index.php')
ERROR - 2023-09-27 12:02:52 --> mysqli_sql_exception: Duplicate entry '0' for key 'tbl_newproducts.PRIMARY' in C:\laragon\www\ShoeShop\system\Database\MySQLi\Connection.php:306
Stack trace:
#0 C:\laragon\www\ShoeShop\system\Database\MySQLi\Connection.php(306): mysqli->query('INSERT INTO `tb...', 0)
#1 C:\laragon\www\ShoeShop\system\Database\BaseConnection.php(692): CodeIgniter\Database\MySQLi\Connection->execute('INSERT INTO `tb...')
#2 C:\laragon\www\ShoeShop\system\Database\BaseConnection.php(606): CodeIgniter\Database\BaseConnection->simpleQuery('INSERT INTO `tb...')
#3 C:\laragon\www\ShoeShop\system\Database\BaseBuilder.php(2308): CodeIgniter\Database\BaseConnection->query('INSERT INTO `tb...', Array, false)
#4 C:\laragon\www\ShoeShop\system\Model.php(319): CodeIgniter\Database\BaseBuilder->insert()
#5 C:\laragon\www\ShoeShop\system\BaseModel.php(788): CodeIgniter\Model->doInsert(Array)
#6 C:\laragon\www\ShoeShop\system\Model.php(715): CodeIgniter\BaseModel->insert(Array, false)
#7 C:\laragon\www\ShoeShop\system\BaseModel.php(698): CodeIgniter\Model->insert(Array, false)
#8 C:\laragon\www\ShoeShop\app\Controllers\AdminController.php(54): CodeIgniter\BaseModel->save(Array)
#9 C:\laragon\www\ShoeShop\system\CodeIgniter.php(919): App\Controllers\AdminController->saveNewPro()
#10 C:\laragon\www\ShoeShop\system\CodeIgniter.php(494): CodeIgniter\CodeIgniter->runController(Object(App\Controllers\AdminController))
#11 C:\laragon\www\ShoeShop\system\CodeIgniter.php(353): CodeIgniter\CodeIgniter->handleRequest(NULL, Object(Config\Cache), false)
#12 C:\laragon\www\ShoeShop\public\index.php(79): CodeIgniter\CodeIgniter->run()
#13 C:\laragon\www\ShoeShop\system\Commands\Server\rewrite.php(47): require_once('C:\\laragon\\www\\...')
#14 {main}
CRITICAL - 2023-09-27 12:02:52 --> Duplicate entry '0' for key 'tbl_newproducts.PRIMARY'
in SYSTEMPATH\Database\BaseConnection.php on line 646.
 1 SYSTEMPATH\Database\BaseBuilder.php(2308): CodeIgniter\Database\BaseConnection->query('INSERT INTO `tbl_newproducts` (`productsName`, `productsImg`, `productsPrice`, `productsStar`) VALUES (:productsName:, :productsImg:, :productsPrice:, :productsStar:)', [...], false)
 2 SYSTEMPATH\Model.php(319): CodeIgniter\Database\BaseBuilder->insert()
 3 SYSTEMPATH\BaseModel.php(788): CodeIgniter\Model->doInsert([...])
 4 SYSTEMPATH\Model.php(715): CodeIgniter\BaseModel->insert([...], false)
 5 SYSTEMPATH\BaseModel.php(698): CodeIgniter\Model->insert([...], false)
 6 APPPATH\Controllers\AdminController.php(54): CodeIgniter\BaseModel->save([...])
 7 SYSTEMPATH\CodeIgniter.php(919): App\Controllers\AdminController->saveNewPro()
 8 SYSTEMPATH\CodeIgniter.php(494): CodeIgniter\CodeIgniter->runController(Object(App\Controllers\AdminController))
 9 SYSTEMPATH\CodeIgniter.php(353): CodeIgniter\CodeIgniter->handleRequest(null, Object(Config\Cache), false)
10 FCPATH\index.php(79): CodeIgniter\CodeIgniter->run()
11 SYSTEMPATH\Commands\Server\rewrite.php(47): require_once('C:\\laragon\\www\\ShoeShop\\public\\index.php')
ERROR - 2023-09-27 12:03:06 --> mysqli_sql_exception: Duplicate entry '0' for key 'tbl_newproducts.PRIMARY' in C:\laragon\www\ShoeShop\system\Database\MySQLi\Connection.php:306
Stack trace:
#0 C:\laragon\www\ShoeShop\system\Database\MySQLi\Connection.php(306): mysqli->query('INSERT INTO `tb...', 0)
#1 C:\laragon\www\ShoeShop\system\Database\BaseConnection.php(692): CodeIgniter\Database\MySQLi\Connection->execute('INSERT INTO `tb...')
#2 C:\laragon\www\ShoeShop\system\Database\BaseConnection.php(606): CodeIgniter\Database\BaseConnection->simpleQuery('INSERT INTO `tb...')
#3 C:\laragon\www\ShoeShop\system\Database\BaseBuilder.php(2308): CodeIgniter\Database\BaseConnection->query('INSERT INTO `tb...', Array, false)
#4 C:\laragon\www\ShoeShop\system\Model.php(319): CodeIgniter\Database\BaseBuilder->insert()
#5 C:\laragon\www\ShoeShop\system\BaseModel.php(788): CodeIgniter\Model->doInsert(Array)
#6 C:\laragon\www\ShoeShop\system\Model.php(715): CodeIgniter\BaseModel->insert(Array, false)
#7 C:\laragon\www\ShoeShop\system\BaseModel.php(698): CodeIgniter\Model->insert(Array, false)
#8 C:\laragon\www\ShoeShop\app\Controllers\AdminController.php(54): CodeIgniter\BaseModel->save(Array)
#9 C:\laragon\www\ShoeShop\system\CodeIgniter.php(919): App\Controllers\AdminController->saveNewPro()
#10 C:\laragon\www\ShoeShop\system\CodeIgniter.php(494): CodeIgniter\CodeIgniter->runController(Object(App\Controllers\AdminController))
#11 C:\laragon\www\ShoeShop\system\CodeIgniter.php(353): CodeIgniter\CodeIgniter->handleRequest(NULL, Object(Config\Cache), false)
#12 C:\laragon\www\ShoeShop\public\index.php(79): CodeIgniter\CodeIgniter->run()
#13 C:\laragon\www\ShoeShop\system\Commands\Server\rewrite.php(47): require_once('C:\\laragon\\www\\...')
#14 {main}
CRITICAL - 2023-09-27 12:03:06 --> Duplicate entry '0' for key 'tbl_newproducts.PRIMARY'
in SYSTEMPATH\Database\BaseConnection.php on line 646.
 1 SYSTEMPATH\Database\BaseBuilder.php(2308): CodeIgniter\Database\BaseConnection->query('INSERT INTO `tbl_newproducts` (`productsName`, `productsImg`, `productsPrice`, `productsStar`) VALUES (:productsName:, :productsImg:, :productsPrice:, :productsStar:)', [...], false)
 2 SYSTEMPATH\Model.php(319): CodeIgniter\Database\BaseBuilder->insert()
 3 SYSTEMPATH\BaseModel.php(788): CodeIgniter\Model->doInsert([...])
 4 SYSTEMPATH\Model.php(715): CodeIgniter\BaseModel->insert([...], false)
 5 SYSTEMPATH\BaseModel.php(698): CodeIgniter\Model->insert([...], false)
 6 APPPATH\Controllers\AdminController.php(54): CodeIgniter\BaseModel->save([...])
 7 SYSTEMPATH\CodeIgniter.php(919): App\Controllers\AdminController->saveNewPro()
 8 SYSTEMPATH\CodeIgniter.php(494): CodeIgniter\CodeIgniter->runController(Object(App\Controllers\AdminController))
 9 SYSTEMPATH\CodeIgniter.php(353): CodeIgniter\CodeIgniter->handleRequest(null, Object(Config\Cache), false)
10 FCPATH\index.php(79): CodeIgniter\CodeIgniter->run()
11 SYSTEMPATH\Commands\Server\rewrite.php(47): require_once('C:\\laragon\\www\\ShoeShop\\public\\index.php')
