CRITICAL - 2023-09-26 06:04:59 --> Invalid file: "admindashboard.php"
in SYSTEMPATH\Exceptions\FrameworkException.php on line 39.
 1 SYSTEMPATH\View\View.php(214): CodeIgniter\Exceptions\FrameworkException::forInvalidFile('admindashboard.php')
 2 SYSTEMPATH\Common.php(1188): CodeIgniter\View\View->render('admindashboard', [], true)
 3 APPPATH\Controllers\ProductController.php(23): view('admindashboard')
 4 SYSTEMPATH\CodeIgniter.php(919): App\Controllers\ProductController->dashboard()
 5 SYSTEMPATH\CodeIgniter.php(494): CodeIgniter\CodeIgniter->runController(Object(App\Controllers\ProductController))
 6 SYSTEMPATH\CodeIgniter.php(353): CodeIgniter\CodeIgniter->handleRequest(null, Object(Config\Cache), false)
 7 FCPATH\index.php(79): CodeIgniter\CodeIgniter->run()
 8 SYSTEMPATH\Commands\Server\rewrite.php(47): require_once('C:\\laragon\\www\\ShoeShop\\public\\index.php')
CRITICAL - 2023-09-26 10:46:30 --> syntax error, unexpected token "=>", expecting "]"
in APPPATH\Controllers\AdminController.php on line 26.
 1 SYSTEMPATH\Autoloader\Autoloader.php(285): CodeIgniter\Autoloader\Autoloader->includeFile('C:\\laragon\\www\\ShoeShop\\app\\Controllers\\AdminController.php')
 2 SYSTEMPATH\Autoloader\Autoloader.php(263): CodeIgniter\Autoloader\Autoloader->loadInNamespace('App\\Controllers\\AdminController')
 3 [internal function]: CodeIgniter\Autoloader\Autoloader->loadClass('App\\Controllers\\AdminController')
 4 SYSTEMPATH\CodeIgniter.php(877): class_exists('\\App\\Controllers\\AdminController', true)
 5 SYSTEMPATH\CodeIgniter.php(481): CodeIgniter\CodeIgniter->startController()
 6 SYSTEMPATH\CodeIgniter.php(353): CodeIgniter\CodeIgniter->handleRequest(null, Object(Config\Cache), false)
 7 FCPATH\index.php(79): CodeIgniter\CodeIgniter->run()
 8 SYSTEMPATH\Commands\Server\rewrite.php(47): require_once('C:\\laragon\\www\\ShoeShop\\public\\index.php')
CRITICAL - 2023-09-26 10:47:29 --> syntax error, unexpected token "=>", expecting "]"
in APPPATH\Controllers\AdminController.php on line 26.
 1 SYSTEMPATH\Autoloader\Autoloader.php(285): CodeIgniter\Autoloader\Autoloader->includeFile('C:\\laragon\\www\\ShoeShop\\app\\Controllers\\AdminController.php')
 2 SYSTEMPATH\Autoloader\Autoloader.php(263): CodeIgniter\Autoloader\Autoloader->loadInNamespace('App\\Controllers\\AdminController')
 3 [internal function]: CodeIgniter\Autoloader\Autoloader->loadClass('App\\Controllers\\AdminController')
 4 SYSTEMPATH\CodeIgniter.php(877): class_exists('\\App\\Controllers\\AdminController', true)
 5 SYSTEMPATH\CodeIgniter.php(481): CodeIgniter\CodeIgniter->startController()
 6 SYSTEMPATH\CodeIgniter.php(353): CodeIgniter\CodeIgniter->handleRequest(null, Object(Config\Cache), false)
 7 FCPATH\index.php(79): CodeIgniter\CodeIgniter->run()
 8 SYSTEMPATH\Commands\Server\rewrite.php(47): require_once('C:\\laragon\\www\\ShoeShop\\public\\index.php')
CRITICAL - 2023-09-26 10:58:46 --> Undefined variable $name
in APPPATH\Views\admin\admindashboard.php on line 217.
 1 APPPATH\Views\admin\admindashboard.php(217): CodeIgniter\Debug\Exceptions->errorHandler(2, 'Undefined variable $name', 'C:\\laragon\\www\\ShoeShop\\app\\Views\\admin\\admindashboard.php', 217)
 2 SYSTEMPATH\View\View.php(226): include('C:\\laragon\\www\\ShoeShop\\app\\Views\\admin\\admindashboard.php')
 3 SYSTEMPATH\View\View.php(229): CodeIgniter\View\View->CodeIgniter\View\{closure}()
 4 SYSTEMPATH\Common.php(1188): CodeIgniter\View\View->render('admin/admindashboard', [], true)
 5 APPPATH\Controllers\ProductController.php(23): view('admin/admindashboard')
 6 SYSTEMPATH\CodeIgniter.php(919): App\Controllers\ProductController->dashboard()
 7 SYSTEMPATH\CodeIgniter.php(494): CodeIgniter\CodeIgniter->runController(Object(App\Controllers\ProductController))
 8 SYSTEMPATH\CodeIgniter.php(353): CodeIgniter\CodeIgniter->handleRequest(null, Object(Config\Cache), false)
 9 FCPATH\index.php(79): CodeIgniter\CodeIgniter->run()
10 SYSTEMPATH\Commands\Server\rewrite.php(47): require_once('C:\\laragon\\www\\ShoeShop\\public\\index.php')
CRITICAL - 2023-09-26 11:00:15 --> Undefined variable $name
in APPPATH\Views\admin\admindashboard.php on line 217.
 1 APPPATH\Views\admin\admindashboard.php(217): CodeIgniter\Debug\Exceptions->errorHandler(2, 'Undefined variable $name', 'C:\\laragon\\www\\ShoeShop\\app\\Views\\admin\\admindashboard.php', 217)
 2 SYSTEMPATH\View\View.php(226): include('C:\\laragon\\www\\ShoeShop\\app\\Views\\admin\\admindashboard.php')
 3 SYSTEMPATH\View\View.php(229): CodeIgniter\View\View->CodeIgniter\View\{closure}()
 4 SYSTEMPATH\Common.php(1188): CodeIgniter\View\View->render('admin/admindashboard', [], true)
 5 APPPATH\Controllers\ProductController.php(23): view('admin/admindashboard')
 6 SYSTEMPATH\CodeIgniter.php(919): App\Controllers\ProductController->dashboard()
 7 SYSTEMPATH\CodeIgniter.php(494): CodeIgniter\CodeIgniter->runController(Object(App\Controllers\ProductController))
 8 SYSTEMPATH\CodeIgniter.php(353): CodeIgniter\CodeIgniter->handleRequest(null, Object(Config\Cache), false)
 9 FCPATH\index.php(79): CodeIgniter\CodeIgniter->run()
10 SYSTEMPATH\Commands\Server\rewrite.php(47): require_once('C:\\laragon\\www\\ShoeShop\\public\\index.php')
CRITICAL - 2023-09-26 11:12:59 --> Invalid file: "admin/admindashboard.php"
in SYSTEMPATH\Exceptions\FrameworkException.php on line 39.
 1 SYSTEMPATH\View\View.php(214): CodeIgniter\Exceptions\FrameworkException::forInvalidFile('admin/admindashboard.php')
 2 SYSTEMPATH\Common.php(1188): CodeIgniter\View\View->render('admin/admindashboard', [], true)
 3 APPPATH\Controllers\AdminController.php(20): view('admin/admindashboard', [...])
 4 SYSTEMPATH\CodeIgniter.php(919): App\Controllers\AdminController->index()
 5 SYSTEMPATH\CodeIgniter.php(494): CodeIgniter\CodeIgniter->runController(Object(App\Controllers\AdminController))
 6 SYSTEMPATH\CodeIgniter.php(353): CodeIgniter\CodeIgniter->handleRequest(null, Object(Config\Cache), false)
 7 FCPATH\index.php(79): CodeIgniter\CodeIgniter->run()
 8 SYSTEMPATH\Commands\Server\rewrite.php(47): require_once('C:\\laragon\\www\\ShoeShop\\public\\index.php')
CRITICAL - 2023-09-26 11:13:24 --> Invalid file: "admin/admindashboard.php"
in SYSTEMPATH\Exceptions\FrameworkException.php on line 39.
 1 SYSTEMPATH\View\View.php(214): CodeIgniter\Exceptions\FrameworkException::forInvalidFile('admin/admindashboard.php')
 2 SYSTEMPATH\Common.php(1188): CodeIgniter\View\View->render('admin/admindashboard', [], true)
 3 APPPATH\Controllers\AdminController.php(20): view('admin/admindashboard', [...])
 4 SYSTEMPATH\CodeIgniter.php(919): App\Controllers\AdminController->index()
 5 SYSTEMPATH\CodeIgniter.php(494): CodeIgniter\CodeIgniter->runController(Object(App\Controllers\AdminController))
 6 SYSTEMPATH\CodeIgniter.php(353): CodeIgniter\CodeIgniter->handleRequest(null, Object(Config\Cache), false)
 7 FCPATH\index.php(79): CodeIgniter\CodeIgniter->run()
 8 SYSTEMPATH\Commands\Server\rewrite.php(47): require_once('C:\\laragon\\www\\ShoeShop\\public\\index.php')
CRITICAL - 2023-09-26 11:13:26 --> Invalid file: "admin/admindashboard.php"
in SYSTEMPATH\Exceptions\FrameworkException.php on line 39.
 1 SYSTEMPATH\View\View.php(214): CodeIgniter\Exceptions\FrameworkException::forInvalidFile('admin/admindashboard.php')
 2 SYSTEMPATH\Common.php(1188): CodeIgniter\View\View->render('admin/admindashboard', [], true)
 3 APPPATH\Controllers\AdminController.php(20): view('admin/admindashboard', [...])
 4 SYSTEMPATH\CodeIgniter.php(919): App\Controllers\AdminController->index()
 5 SYSTEMPATH\CodeIgniter.php(494): CodeIgniter\CodeIgniter->runController(Object(App\Controllers\AdminController))
 6 SYSTEMPATH\CodeIgniter.php(353): CodeIgniter\CodeIgniter->handleRequest(null, Object(Config\Cache), false)
 7 FCPATH\index.php(79): CodeIgniter\CodeIgniter->run()
 8 SYSTEMPATH\Commands\Server\rewrite.php(47): require_once('C:\\laragon\\www\\ShoeShop\\public\\index.php')
CRITICAL - 2023-09-26 11:13:27 --> Invalid file: "admin/admindashboard.php"
in SYSTEMPATH\Exceptions\FrameworkException.php on line 39.
 1 SYSTEMPATH\View\View.php(214): CodeIgniter\Exceptions\FrameworkException::forInvalidFile('admin/admindashboard.php')
 2 SYSTEMPATH\Common.php(1188): CodeIgniter\View\View->render('admin/admindashboard', [], true)
 3 APPPATH\Controllers\AdminController.php(20): view('admin/admindashboard', [...])
 4 SYSTEMPATH\CodeIgniter.php(919): App\Controllers\AdminController->index()
 5 SYSTEMPATH\CodeIgniter.php(494): CodeIgniter\CodeIgniter->runController(Object(App\Controllers\AdminController))
 6 SYSTEMPATH\CodeIgniter.php(353): CodeIgniter\CodeIgniter->handleRequest(null, Object(Config\Cache), false)
 7 FCPATH\index.php(79): CodeIgniter\CodeIgniter->run()
 8 SYSTEMPATH\Commands\Server\rewrite.php(47): require_once('C:\\laragon\\www\\ShoeShop\\public\\index.php')
CRITICAL - 2023-09-26 11:13:28 --> Invalid file: "admin/admindashboard.php"
in SYSTEMPATH\Exceptions\FrameworkException.php on line 39.
 1 SYSTEMPATH\View\View.php(214): CodeIgniter\Exceptions\FrameworkException::forInvalidFile('admin/admindashboard.php')
 2 SYSTEMPATH\Common.php(1188): CodeIgniter\View\View->render('admin/admindashboard', [], true)
 3 APPPATH\Controllers\AdminController.php(20): view('admin/admindashboard', [...])
 4 SYSTEMPATH\CodeIgniter.php(919): App\Controllers\AdminController->index()
 5 SYSTEMPATH\CodeIgniter.php(494): CodeIgniter\CodeIgniter->runController(Object(App\Controllers\AdminController))
 6 SYSTEMPATH\CodeIgniter.php(353): CodeIgniter\CodeIgniter->handleRequest(null, Object(Config\Cache), false)
 7 FCPATH\index.php(79): CodeIgniter\CodeIgniter->run()
 8 SYSTEMPATH\Commands\Server\rewrite.php(47): require_once('C:\\laragon\\www\\ShoeShop\\public\\index.php')
CRITICAL - 2023-09-26 11:13:32 --> Invalid file: "admin/admindashboard.php"
in SYSTEMPATH\Exceptions\FrameworkException.php on line 39.
 1 SYSTEMPATH\View\View.php(214): CodeIgniter\Exceptions\FrameworkException::forInvalidFile('admin/admindashboard.php')
 2 SYSTEMPATH\Common.php(1188): CodeIgniter\View\View->render('admin/admindashboard', [], true)
 3 APPPATH\Controllers\AdminController.php(20): view('admin/admindashboard', [...])
 4 SYSTEMPATH\CodeIgniter.php(919): App\Controllers\AdminController->index()
 5 SYSTEMPATH\CodeIgniter.php(494): CodeIgniter\CodeIgniter->runController(Object(App\Controllers\AdminController))
 6 SYSTEMPATH\CodeIgniter.php(353): CodeIgniter\CodeIgniter->handleRequest(null, Object(Config\Cache), false)
 7 FCPATH\index.php(79): CodeIgniter\CodeIgniter->run()
 8 SYSTEMPATH\Commands\Server\rewrite.php(47): require_once('C:\\laragon\\www\\ShoeShop\\public\\index.php')
CRITICAL - 2023-09-26 11:13:56 --> Invalid file: "admin/inventory.php"
in SYSTEMPATH\Exceptions\FrameworkException.php on line 39.
 1 SYSTEMPATH\View\View.php(214): CodeIgniter\Exceptions\FrameworkException::forInvalidFile('admin/inventory.php')
 2 SYSTEMPATH\View\View.php(467): CodeIgniter\View\View->render('admin/inventory', null, true)
 3 APPPATH\Views\admindashboard.php(9): CodeIgniter\View\View->include('admin/inventory')
 4 SYSTEMPATH\View\View.php(226): include('C:\\laragon\\www\\ShoeShop\\app\\Views\\admindashboard.php')
 5 SYSTEMPATH\View\View.php(229): CodeIgniter\View\View->CodeIgniter\View\{closure}()
 6 SYSTEMPATH\Common.php(1188): CodeIgniter\View\View->render('admindashboard', [], true)
 7 APPPATH\Controllers\AdminController.php(20): view('admindashboard', [...])
 8 SYSTEMPATH\CodeIgniter.php(919): App\Controllers\AdminController->index()
 9 SYSTEMPATH\CodeIgniter.php(494): CodeIgniter\CodeIgniter->runController(Object(App\Controllers\AdminController))
10 SYSTEMPATH\CodeIgniter.php(353): CodeIgniter\CodeIgniter->handleRequest(null, Object(Config\Cache), false)
11 FCPATH\index.php(79): CodeIgniter\CodeIgniter->run()
12 SYSTEMPATH\Commands\Server\rewrite.php(47): require_once('C:\\laragon\\www\\ShoeShop\\public\\index.php')
CRITICAL - 2023-09-26 22:50:27 --> Undefined array key "productsId"
in APPPATH\Controllers\AdminController.php on line 24.
 1 APPPATH\Controllers\AdminController.php(24): CodeIgniter\Debug\Exceptions->errorHandler(2, 'Undefined array key "productsId"', 'C:\\laragon\\www\\ShoeShop\\app\\Controllers\\AdminController.php', 24)
 2 SYSTEMPATH\CodeIgniter.php(919): App\Controllers\AdminController->save()
 3 SYSTEMPATH\CodeIgniter.php(494): CodeIgniter\CodeIgniter->runController(Object(App\Controllers\AdminController))
 4 SYSTEMPATH\CodeIgniter.php(353): CodeIgniter\CodeIgniter->handleRequest(null, Object(Config\Cache), false)
 5 FCPATH\index.php(79): CodeIgniter\CodeIgniter->run()
 6 SYSTEMPATH\Commands\Server\rewrite.php(47): require_once('C:\\laragon\\www\\ShoeShop\\public\\index.php')
CRITICAL - 2023-09-26 22:52:42 --> Undefined array key "productsId"
in APPPATH\Controllers\AdminController.php on line 24.
 1 APPPATH\Controllers\AdminController.php(24): CodeIgniter\Debug\Exceptions->errorHandler(2, 'Undefined array key "productsId"', 'C:\\laragon\\www\\ShoeShop\\app\\Controllers\\AdminController.php', 24)
 2 SYSTEMPATH\CodeIgniter.php(919): App\Controllers\AdminController->save()
 3 SYSTEMPATH\CodeIgniter.php(494): CodeIgniter\CodeIgniter->runController(Object(App\Controllers\AdminController))
 4 SYSTEMPATH\CodeIgniter.php(353): CodeIgniter\CodeIgniter->handleRequest(null, Object(Config\Cache), false)
 5 FCPATH\index.php(79): CodeIgniter\CodeIgniter->run()
 6 SYSTEMPATH\Commands\Server\rewrite.php(47): require_once('C:\\laragon\\www\\ShoeShop\\public\\index.php')
CRITICAL - 2023-09-26 22:54:05 --> Undefined array key "productsld"
in APPPATH\Controllers\AdminController.php on line 24.
 1 APPPATH\Controllers\AdminController.php(24): CodeIgniter\Debug\Exceptions->errorHandler(2, 'Undefined array key "productsld"', 'C:\\laragon\\www\\ShoeShop\\app\\Controllers\\AdminController.php', 24)
 2 SYSTEMPATH\CodeIgniter.php(919): App\Controllers\AdminController->save()
 3 SYSTEMPATH\CodeIgniter.php(494): CodeIgniter\CodeIgniter->runController(Object(App\Controllers\AdminController))
 4 SYSTEMPATH\CodeIgniter.php(353): CodeIgniter\CodeIgniter->handleRequest(null, Object(Config\Cache), false)
 5 FCPATH\index.php(79): CodeIgniter\CodeIgniter->run()
 6 SYSTEMPATH\Commands\Server\rewrite.php(47): require_once('C:\\laragon\\www\\ShoeShop\\public\\index.php')
CRITICAL - 2023-09-26 22:54:27 --> Undefined array key "productsId"
in APPPATH\Controllers\AdminController.php on line 24.
 1 APPPATH\Controllers\AdminController.php(24): CodeIgniter\Debug\Exceptions->errorHandler(2, 'Undefined array key "productsId"', 'C:\\laragon\\www\\ShoeShop\\app\\Controllers\\AdminController.php', 24)
 2 SYSTEMPATH\CodeIgniter.php(919): App\Controllers\AdminController->save()
 3 SYSTEMPATH\CodeIgniter.php(494): CodeIgniter\CodeIgniter->runController(Object(App\Controllers\AdminController))
 4 SYSTEMPATH\CodeIgniter.php(353): CodeIgniter\CodeIgniter->handleRequest(null, Object(Config\Cache), false)
 5 FCPATH\index.php(79): CodeIgniter\CodeIgniter->run()
 6 SYSTEMPATH\Commands\Server\rewrite.php(47): require_once('C:\\laragon\\www\\ShoeShop\\public\\index.php')
CRITICAL - 2023-09-26 22:58:01 --> syntax error, unexpected token "/"
in APPPATH\Controllers\AdminController.php on line 33.
 1 SYSTEMPATH\Autoloader\Autoloader.php(285): CodeIgniter\Autoloader\Autoloader->includeFile('C:\\laragon\\www\\ShoeShop\\app\\Controllers\\AdminController.php')
 2 SYSTEMPATH\Autoloader\Autoloader.php(263): CodeIgniter\Autoloader\Autoloader->loadInNamespace('App\\Controllers\\AdminController')
 3 [internal function]: CodeIgniter\Autoloader\Autoloader->loadClass('App\\Controllers\\AdminController')
 4 SYSTEMPATH\CodeIgniter.php(877): class_exists('\\App\\Controllers\\AdminController', true)
 5 SYSTEMPATH\CodeIgniter.php(481): CodeIgniter\CodeIgniter->startController()
 6 SYSTEMPATH\CodeIgniter.php(353): CodeIgniter\CodeIgniter->handleRequest(null, Object(Config\Cache), false)
 7 FCPATH\index.php(79): CodeIgniter\CodeIgniter->run()
 8 SYSTEMPATH\Commands\Server\rewrite.php(47): require_once('C:\\laragon\\www\\ShoeShop\\public\\index.php')
ERROR - 2023-09-26 22:58:18 --> mysqli_sql_exception: Column 'productsName' cannot be null in C:\laragon\www\ShoeShop\system\Database\MySQLi\Connection.php:306
Stack trace:
#0 C:\laragon\www\ShoeShop\system\Database\MySQLi\Connection.php(306): mysqli->query('INSERT INTO `tb...', 0)
#1 C:\laragon\www\ShoeShop\system\Database\BaseConnection.php(692): CodeIgniter\Database\MySQLi\Connection->execute('INSERT INTO `tb...')
#2 C:\laragon\www\ShoeShop\system\Database\BaseConnection.php(606): CodeIgniter\Database\BaseConnection->simpleQuery('INSERT INTO `tb...')
#3 C:\laragon\www\ShoeShop\system\Database\BaseBuilder.php(2308): CodeIgniter\Database\BaseConnection->query('INSERT INTO `tb...', Array, false)
#4 C:\laragon\www\ShoeShop\system\Model.php(319): CodeIgniter\Database\BaseBuilder->insert()
#5 C:\laragon\www\ShoeShop\system\BaseModel.php(788): CodeIgniter\Model->doInsert(Array)
#6 C:\laragon\www\ShoeShop\system\Model.php(715): CodeIgniter\BaseModel->insert(Array, false)
#7 C:\laragon\www\ShoeShop\system\BaseModel.php(698): CodeIgniter\Model->insert(Array, false)
#8 C:\laragon\www\ShoeShop\app\Controllers\AdminController.php(32): CodeIgniter\BaseModel->save(Array)
#9 C:\laragon\www\ShoeShop\system\CodeIgniter.php(919): App\Controllers\AdminController->save()
#10 C:\laragon\www\ShoeShop\system\CodeIgniter.php(494): CodeIgniter\CodeIgniter->runController(Object(App\Controllers\AdminController))
#11 C:\laragon\www\ShoeShop\system\CodeIgniter.php(353): CodeIgniter\CodeIgniter->handleRequest(NULL, Object(Config\Cache), false)
#12 C:\laragon\www\ShoeShop\public\index.php(79): CodeIgniter\CodeIgniter->run()
#13 C:\laragon\www\ShoeShop\system\Commands\Server\rewrite.php(47): require_once('C:\\laragon\\www\\...')
#14 {main}
CRITICAL - 2023-09-26 22:58:18 --> Column 'productsName' cannot be null
in SYSTEMPATH\Database\BaseConnection.php on line 646.
 1 SYSTEMPATH\Database\BaseBuilder.php(2308): CodeIgniter\Database\BaseConnection->query('INSERT INTO `tbl_products` (`productsName`, `productsImg`, `productsPrice`, `productsStar`) VALUES (:productsName:, :productsImg:, :productsPrice:, :productsStar:)', [...], false)
 2 SYSTEMPATH\Model.php(319): CodeIgniter\Database\BaseBuilder->insert()
 3 SYSTEMPATH\BaseModel.php(788): CodeIgniter\Model->doInsert([...])
 4 SYSTEMPATH\Model.php(715): CodeIgniter\BaseModel->insert([...], false)
 5 SYSTEMPATH\BaseModel.php(698): CodeIgniter\Model->insert([...], false)
 6 APPPATH\Controllers\AdminController.php(32): CodeIgniter\BaseModel->save([...])
 7 SYSTEMPATH\CodeIgniter.php(919): App\Controllers\AdminController->save()
 8 SYSTEMPATH\CodeIgniter.php(494): CodeIgniter\CodeIgniter->runController(Object(App\Controllers\AdminController))
 9 SYSTEMPATH\CodeIgniter.php(353): CodeIgniter\CodeIgniter->handleRequest(null, Object(Config\Cache), false)
10 FCPATH\index.php(79): CodeIgniter\CodeIgniter->run()
11 SYSTEMPATH\Commands\Server\rewrite.php(47): require_once('C:\\laragon\\www\\ShoeShop\\public\\index.php')
ERROR - 2023-09-26 22:59:34 --> mysqli_sql_exception: Column 'productsStar' cannot be null in C:\laragon\www\ShoeShop\system\Database\MySQLi\Connection.php:306
Stack trace:
#0 C:\laragon\www\ShoeShop\system\Database\MySQLi\Connection.php(306): mysqli->query('INSERT INTO `tb...', 0)
#1 C:\laragon\www\ShoeShop\system\Database\BaseConnection.php(692): CodeIgniter\Database\MySQLi\Connection->execute('INSERT INTO `tb...')
#2 C:\laragon\www\ShoeShop\system\Database\BaseConnection.php(606): CodeIgniter\Database\BaseConnection->simpleQuery('INSERT INTO `tb...')
#3 C:\laragon\www\ShoeShop\system\Database\BaseBuilder.php(2308): CodeIgniter\Database\BaseConnection->query('INSERT INTO `tb...', Array, false)
#4 C:\laragon\www\ShoeShop\system\Model.php(319): CodeIgniter\Database\BaseBuilder->insert()
#5 C:\laragon\www\ShoeShop\system\BaseModel.php(788): CodeIgniter\Model->doInsert(Array)
#6 C:\laragon\www\ShoeShop\system\Model.php(715): CodeIgniter\BaseModel->insert(Array, false)
#7 C:\laragon\www\ShoeShop\system\BaseModel.php(698): CodeIgniter\Model->insert(Array, false)
#8 C:\laragon\www\ShoeShop\app\Controllers\AdminController.php(32): CodeIgniter\BaseModel->save(Array)
#9 C:\laragon\www\ShoeShop\system\CodeIgniter.php(919): App\Controllers\AdminController->save()
#10 C:\laragon\www\ShoeShop\system\CodeIgniter.php(494): CodeIgniter\CodeIgniter->runController(Object(App\Controllers\AdminController))
#11 C:\laragon\www\ShoeShop\system\CodeIgniter.php(353): CodeIgniter\CodeIgniter->handleRequest(NULL, Object(Config\Cache), false)
#12 C:\laragon\www\ShoeShop\public\index.php(79): CodeIgniter\CodeIgniter->run()
#13 C:\laragon\www\ShoeShop\system\Commands\Server\rewrite.php(47): require_once('C:\\laragon\\www\\...')
#14 {main}
CRITICAL - 2023-09-26 22:59:34 --> Column 'productsStar' cannot be null
in SYSTEMPATH\Database\BaseConnection.php on line 646.
 1 SYSTEMPATH\Database\BaseBuilder.php(2308): CodeIgniter\Database\BaseConnection->query('INSERT INTO `tbl_products` (`productsName`, `productsImg`, `productsPrice`, `productsStar`) VALUES (:productsName:, :productsImg:, :productsPrice:, :productsStar:)', [...], false)
 2 SYSTEMPATH\Model.php(319): CodeIgniter\Database\BaseBuilder->insert()
 3 SYSTEMPATH\BaseModel.php(788): CodeIgniter\Model->doInsert([...])
 4 SYSTEMPATH\Model.php(715): CodeIgniter\BaseModel->insert([...], false)
 5 SYSTEMPATH\BaseModel.php(698): CodeIgniter\Model->insert([...], false)
 6 APPPATH\Controllers\AdminController.php(32): CodeIgniter\BaseModel->save([...])
 7 SYSTEMPATH\CodeIgniter.php(919): App\Controllers\AdminController->save()
 8 SYSTEMPATH\CodeIgniter.php(494): CodeIgniter\CodeIgniter->runController(Object(App\Controllers\AdminController))
 9 SYSTEMPATH\CodeIgniter.php(353): CodeIgniter\CodeIgniter->handleRequest(null, Object(Config\Cache), false)
10 FCPATH\index.php(79): CodeIgniter\CodeIgniter->run()
11 SYSTEMPATH\Commands\Server\rewrite.php(47): require_once('C:\\laragon\\www\\ShoeShop\\public\\index.php')
